#
# There is insufficient memory for the Java Runtime Environment to continue.
# Native memory allocation (malloc) failed to allocate 428928 bytes. Error detail: Chunk::new
# Possible reasons:
#   The system is out of physical RAM or swap space
#   This process is running with CompressedOops enabled, and the Java Heap may be blocking the growth of the native heap
# Possible solutions:
#   Reduce memory load on the system
#   Increase physical memory or swap space
#   Check if swap backing store is full
#   Decrease Java heap size (-Xmx/-Xms)
#   Decrease number of Java threads
#   Decrease Java thread stack sizes (-Xss)
#   Set larger code cache with -XX:ReservedCodeCacheSize=
#   JVM is running with Unscaled Compressed Oops mode in which the Java heap is
#     placed in the first 4GB address space. The Java Heap base address is the
#     maximum limit for the native heap growth. Please use -XX:HeapBaseMinAddress
#     to set the Java Heap base and to place the Java Heap above 4GB virtual address.
# This output file may be truncated or incomplete.
#
#  Out of Memory Error (arena.cpp:168), pid=21364, tid=19212
#
# JRE version: OpenJDK Runtime Environment Temurin-21.0.9+10 (21.0.9+10) (build 21.0.9+10-LTS)
# Java VM: OpenJDK 64-Bit Server VM Temurin-21.0.9+10 (21.0.9+10-LTS, mixed mode, sharing, tiered, compressed oops, compressed class ptrs, parallel gc, windows-amd64)
# No core dump will be written. Minidumps are not enabled by default on client versions of Windows
#

---------------  S U M M A R Y ------------

Command Line: --add-modules=ALL-SYSTEM --add-opens=java.base/java.util=ALL-UNNAMED --add-opens=java.base/java.lang=ALL-UNNAMED --add-opens=java.base/sun.nio.fs=ALL-UNNAMED -Declipse.application=org.eclipse.jdt.ls.core.id1 -Dosgi.bundles.defaultStartLevel=4 -Declipse.product=org.eclipse.jdt.ls.core.product -Djava.import.generatesMetadataFilesAtProjectRoot=false -DDetectVMInstallationsJob.disabled=true -Dfile.encoding=utf8 -XX:+UseParallelGC -XX:GCTimeRatio=4 -XX:AdaptiveSizePolicyWeight=90 -Dsun.zip.disableMemoryMapping=true -Xmx2G -Xms100m -Xlog:disable -javaagent:c:\Users\ASUS\.vscode\extensions\redhat.java-1.49.0-win32-x64\lombok\lombok-1.18.39-4050.jar c:\Users\ASUS\.vscode\extensions\redhat.java-1.49.0-win32-x64\server\plugins\org.eclipse.equinox.launcher_1.7.100.v20251111-0406.jar -configuration c:\Users\ASUS\AppData\Roaming\Code\User\globalStorage\redhat.java\1.49.0\config_ss_win -data c:\Users\ASUS\AppData\Roaming\Code\User\workspaceStorage\6295893cbf97c814c47530ac49e64bfc\redhat.java\ss_ws --pipe=\\.\pipe\lsp-5ab333a35f83841fcaf0e66b3461e31a-sock

Host: AMD Ryzen 5 7520U with Radeon Graphics         , 8 cores, 15G,  Windows 11 , 64 bit Build 22621 (10.0.22621.5415)
Time: Thu Nov 20 18:18:33 2025 SE Asia Standard Time elapsed time: 3.237678 seconds (0d 0h 0m 3s)

---------------  T H R E A D  ---------------

Current thread (0x000001d40cb5c170):  JavaThread "C2 CompilerThread0" daemon [_thread_in_native, id=19212, stack(0x000000395b400000,0x000000395b500000) (1024K)]


Current CompileTask:
C2:3237 2134       4       org.apache.felix.resolver.PackageSpaces::mergeCandidatePackage (68 bytes)

Stack: [0x000000395b400000,0x000000395b500000]
Native frames: (J=compiled Java code, j=interpreted, Vv=VM code, C=native code)
V  [jvm.dll+0x6d6e29]
V  [jvm.dll+0x8b4b76]
V  [jvm.dll+0x8b712e]
V  [jvm.dll+0x8b7813]
V  [jvm.dll+0x283d86]
V  [jvm.dll+0xc66ed]
V  [jvm.dll+0xc6c31]
V  [jvm.dll+0x3be53b]
V  [jvm.dll+0x38ab92]
V  [jvm.dll+0x389fda]
V  [jvm.dll+0x24bfa0]
V  [jvm.dll+0x24b580]
V  [jvm.dll+0x1cb13e]
V  [jvm.dll+0x25b29d]
V  [jvm.dll+0x25982a]
V  [jvm.dll+0x3f7ea6]
V  [jvm.dll+0x85e9ad]
V  [jvm.dll+0x6d565d]
C  [ucrtbase.dll+0x29333]
C  [KERNEL32.DLL+0x1259d]
C  [ntdll.dll+0x5af78]


---------------  P R O C E S S  ---------------

Threads class SMR info:
_java_thread_list=0x000001d46ab6e510, length=25, elements={
0x000001d40cbdd3a0, 0x000001d40cb4bfb0, 0x000001d40cb4f240, 0x000001d40cb55710,
0x000001d40cb56620, 0x000001d40cb583e0, 0x000001d40cb5b340, 0x000001d40cb5c170,
0x000001d40cb7bea0, 0x000001d46a1f57d0, 0x000001d46a2feef0, 0x000001d46a6d2050,
0x000001d46aa948b0, 0x000001d46abd58a0, 0x000001d46aa95870, 0x000001d46abc5370,
0x000001d46abc59d0, 0x000001d46abc6ed0, 0x000001d46aa67820, 0x000001d46ab25f10,
0x000001d46ac15530, 0x000001d46ac14180, 0x000001d46ac13af0, 0x000001d46ac14810,
0x000001d46a8fed10
}

Java Threads: ( => current thread )
  0x000001d40cbdd3a0 JavaThread "main"                              [_thread_blocked, id=24428, stack(0x000000395aa00000,0x000000395ab00000) (1024K)]
  0x000001d40cb4bfb0 JavaThread "Reference Handler"          daemon [_thread_blocked, id=23800, stack(0x000000395ae00000,0x000000395af00000) (1024K)]
  0x000001d40cb4f240 JavaThread "Finalizer"                  daemon [_thread_blocked, id=7040, stack(0x000000395af00000,0x000000395b000000) (1024K)]
  0x000001d40cb55710 JavaThread "Signal Dispatcher"          daemon [_thread_blocked, id=22140, stack(0x000000395b000000,0x000000395b100000) (1024K)]
  0x000001d40cb56620 JavaThread "Attach Listener"            daemon [_thread_blocked, id=21368, stack(0x000000395b100000,0x000000395b200000) (1024K)]
  0x000001d40cb583e0 JavaThread "Service Thread"             daemon [_thread_blocked, id=23592, stack(0x000000395b200000,0x000000395b300000) (1024K)]
  0x000001d40cb5b340 JavaThread "Monitor Deflation Thread"   daemon [_thread_blocked, id=19540, stack(0x000000395b300000,0x000000395b400000) (1024K)]
=>0x000001d40cb5c170 JavaThread "C2 CompilerThread0"         daemon [_thread_in_native, id=19212, stack(0x000000395b400000,0x000000395b500000) (1024K)]
  0x000001d40cb7bea0 JavaThread "C1 CompilerThread0"         daemon [_thread_blocked, id=19004, stack(0x000000395b500000,0x000000395b600000) (1024K)]
  0x000001d46a1f57d0 JavaThread "Common-Cleaner"             daemon [_thread_blocked, id=9768, stack(0x000000395b700000,0x000000395b800000) (1024K)]
  0x000001d46a2feef0 JavaThread "Notification Thread"        daemon [_thread_blocked, id=9788, stack(0x000000395b600000,0x000000395b700000) (1024K)]
  0x000001d46a6d2050 JavaThread "C2 CompilerThread1"         daemon [_thread_in_native, id=24572, stack(0x000000395b800000,0x000000395b900000) (1024K)]
  0x000001d46aa948b0 JavaThread "Equinox resolver thread - Equinox Container: 93ccba9e-c9f3-440b-85b3-cf64f398b60d" daemon [_thread_blocked, id=18064, stack(0x000000395c000000,0x000000395c100000) (1024K)]
  0x000001d46abd58a0 JavaThread "Equinox resolver thread - Equinox Container: 93ccba9e-c9f3-440b-85b3-cf64f398b60d" daemon [_thread_blocked, id=11140, stack(0x000000395c100000,0x000000395c200000) (1024K)]
  0x000001d46aa95870 JavaThread "Equinox resolver thread - Equinox Container: 93ccba9e-c9f3-440b-85b3-cf64f398b60d" daemon [_thread_blocked, id=19552, stack(0x000000395c200000,0x000000395c300000) (1024K)]
  0x000001d46abc5370 JavaThread "Equinox resolver thread - Equinox Container: 93ccba9e-c9f3-440b-85b3-cf64f398b60d" daemon [_thread_blocked, id=9080, stack(0x000000395c300000,0x000000395c400000) (1024K)]
  0x000001d46abc59d0 JavaThread "Equinox resolver thread - Equinox Container: 93ccba9e-c9f3-440b-85b3-cf64f398b60d" daemon [_thread_blocked, id=22900, stack(0x000000395c400000,0x000000395c500000) (1024K)]
  0x000001d46abc6ed0 JavaThread "Equinox resolver thread - Equinox Container: 93ccba9e-c9f3-440b-85b3-cf64f398b60d" daemon [_thread_blocked, id=15268, stack(0x000000395c500000,0x000000395c600000) (1024K)]
  0x000001d46aa67820 JavaThread "Active Thread: Equinox Container: 93ccba9e-c9f3-440b-85b3-cf64f398b60d"        [_thread_blocked, id=3112, stack(0x000000395bf00000,0x000000395c000000) (1024K)]
  0x000001d46ab25f10 JavaThread "Framework Event Dispatcher: Equinox Container: 93ccba9e-c9f3-440b-85b3-cf64f398b60d" daemon [_thread_blocked, id=23312, stack(0x000000395c600000,0x000000395c700000) (1024K)]
  0x000001d46ac15530 JavaThread "Start Level: Equinox Container: 93ccba9e-c9f3-440b-85b3-cf64f398b60d" daemon [_thread_in_vm, id=8236, stack(0x000000395c700000,0x000000395c800000) (1024K)]
  0x000001d46ac14180 JavaThread "Refresh Thread: Equinox Container: 93ccba9e-c9f3-440b-85b3-cf64f398b60d" daemon [_thread_blocked, id=20048, stack(0x000000395c900000,0x000000395ca00000) (1024K)]
  0x000001d46ac13af0 JavaThread "Equinox resolver thread - Equinox Container: 93ccba9e-c9f3-440b-85b3-cf64f398b60d" daemon [_thread_blocked, id=6252, stack(0x000000395ca00000,0x000000395cb00000) (1024K)]
  0x000001d46ac14810 JavaThread "Equinox resolver thread - Equinox Container: 93ccba9e-c9f3-440b-85b3-cf64f398b60d" daemon [_thread_blocked, id=15484, stack(0x000000395cb00000,0x000000395cc00000) (1024K)]
  0x000001d46a8fed10 JavaThread "C2 CompilerThread2"         daemon [_thread_in_native, id=13076, stack(0x000000395cc00000,0x000000395cd00000) (1024K)]
Total: 25

Other Threads:
  0x000001d40cb32650 VMThread "VM Thread"                           [id=23532, stack(0x000000395ad00000,0x000000395ae00000) (1024K)]
  0x000001d40cc475a0 WatcherThread "VM Periodic Task Thread"        [id=2184, stack(0x000000395ac00000,0x000000395ad00000) (1024K)]
  0x000001d40cbfc700 WorkerThread "GC Thread#0"                     [id=23880, stack(0x000000395ab00000,0x000000395ac00000) (1024K)]
  0x000001d46a7545d0 WorkerThread "GC Thread#1"                     [id=23652, stack(0x000000395b900000,0x000000395ba00000) (1024K)]
  0x000001d46aafa7b0 WorkerThread "GC Thread#2"                     [id=23608, stack(0x000000395ba00000,0x000000395bb00000) (1024K)]
  0x000001d46aa27220 WorkerThread "GC Thread#3"                     [id=23156, stack(0x000000395bb00000,0x000000395bc00000) (1024K)]
  0x000001d46aa275c0 WorkerThread "GC Thread#4"                     [id=19508, stack(0x000000395bc00000,0x000000395bd00000) (1024K)]
  0x000001d46aa27960 WorkerThread "GC Thread#5"                     [id=22096, stack(0x000000395bd00000,0x000000395be00000) (1024K)]
  0x000001d46ab6eb70 WorkerThread "GC Thread#6"                     [id=22672, stack(0x000000395be00000,0x000000395bf00000) (1024K)]
  0x000001d46ad87680 WorkerThread "GC Thread#7"                     [id=15456, stack(0x000000395c800000,0x000000395c900000) (1024K)]
Total: 10

Threads with active compile tasks:
C2 CompilerThread0  3267 2134       4       org.apache.felix.resolver.PackageSpaces::mergeCandidatePackage (68 bytes)
C2 CompilerThread1  3267 2171       4       org.apache.felix.resolver.PackageSpaces::mergeUses (494 bytes)
C2 CompilerThread2  3268 2248       4       org.eclipse.osgi.container.ModuleResolver::lambda$2 (40 bytes)
Total: 3

VM state: not at safepoint (normal execution)

VM Mutex/Monitor currently owned by a thread: None

Heap address: 0x0000000080000000, size: 2048 MB, Compressed Oops mode: 32-bit

CDS archive(s) mapped at: [0x000001d424000000-0x000001d424ba0000-0x000001d424ba0000), size 12189696, SharedBaseAddress: 0x000001d424000000, ArchiveRelocationMode: 1.
Compressed class space mapped at: 0x000001d425000000-0x000001d465000000, reserved size: 1073741824
Narrow klass base: 0x000001d424000000, Narrow klass shift: 0, Narrow klass range: 0x100000000

GC Precious Log:
 CardTable entry size: 512
 CPUs: 8 total, 8 available
 Memory: 15647M
 Large Page Support: Disabled
 NUMA Support: Disabled
 Compressed Oops: Enabled (32-bit)
 Alignments: Space 512K, Generation 512K, Heap 2M
 Heap Min Capacity: 100M
 Heap Initial Capacity: 100M
 Heap Max Capacity: 2G
 Pre-touch: Disabled
 Parallel Workers: 8

Heap:
 PSYoungGen      total 29696K, used 27951K [0x00000000d5580000, 0x00000000d7680000, 0x0000000100000000)
  eden space 25600K, 93% used [0x00000000d5580000,0x00000000d6cced48,0x00000000d6e80000)
  from space 4096K, 99% used [0x00000000d7280000,0x00000000d767d028,0x00000000d7680000)
  to   space 4096K, 0% used [0x00000000d6e80000,0x00000000d6e80000,0x00000000d7280000)
 ParOldGen       total 68608K, used 383K [0x0000000080000000, 0x0000000084300000, 0x00000000d5580000)
  object space 68608K, 0% used [0x0000000080000000,0x000000008005fe98,0x0000000084300000)
 Metaspace       used 9099K, committed 9408K, reserved 1114112K
  class space    used 949K, committed 1088K, reserved 1048576K

Card table byte_map: [0x000001d40c580000,0x000001d40c990000] _byte_map_base: 0x000001d40c180000

Marking Bits: (ParMarkBitMap*) 0x00007ffffb082460
 Begin Bits: [0x000001d41f090000, 0x000001d421090000)
 End Bits:   [0x000001d421090000, 0x000001d423090000)

Polling page: 0x000001d40aa30000

Metaspace:

Usage:
  Non-class:      7.96 MB used.
      Class:    949.59 KB used.
       Both:      8.89 MB used.

Virtual space:
  Non-class space:       64.00 MB reserved,       8.12 MB ( 13%) committed,  1 nodes.
      Class space:        1.00 GB reserved,       1.06 MB ( <1%) committed,  1 nodes.
             Both:        1.06 GB reserved,       9.19 MB ( <1%) committed. 

Chunk freelists:
   Non-Class:  7.58 MB
       Class:  14.83 MB
        Both:  22.40 MB

MaxMetaspaceSize: unlimited
CompressedClassSpaceSize: 1.00 GB
Initial GC threshold: 21.00 MB
Current GC threshold: 21.00 MB
CDS: on
 - commit_granule_bytes: 65536.
 - commit_granule_words: 8192.
 - virtual_space_node_default_size: 8388608.
 - enlarge_chunks_in_place: 1.
 - use_allocation_guard: 0.


Internal statistics:

num_allocs_failed_limit: 0.
num_arena_births: 236.
num_arena_deaths: 0.
num_vsnodes_births: 2.
num_vsnodes_deaths: 0.
num_space_committed: 147.
num_space_uncommitted: 0.
num_chunks_returned_to_freelist: 0.
num_chunks_taken_from_freelist: 462.
num_chunk_merges: 0.
num_chunk_splits: 299.
num_chunks_enlarged: 208.
num_inconsistent_stats: 0.

CodeHeap 'non-profiled nmethods': size=120000Kb used=940Kb max_used=940Kb free=119059Kb
 bounds [0x000001d4178b0000, 0x000001d417b20000, 0x000001d41ede0000]
CodeHeap 'profiled nmethods': size=120000Kb used=4347Kb max_used=4347Kb free=115653Kb
 bounds [0x000001d40fde0000, 0x000001d410220000, 0x000001d417310000]
CodeHeap 'non-nmethods': size=5760Kb used=1222Kb max_used=1255Kb free=4537Kb
 bounds [0x000001d417310000, 0x000001d417580000, 0x000001d4178b0000]
CodeCache: size=245760Kb, used=6509Kb, max_used=6542Kb, free=239249Kb
 total_blobs=2774, nmethods=2291, adapters=389, full_count=0
Compilation: enabled, stopped_count=0, restarted_count=0

Compilation events (20 events):
Event: 3.192 Thread 0x000001d40cb7bea0 2267       3       java.util.Arrays$ArrayItr::next (36 bytes)
Event: 3.192 Thread 0x000001d40cb7bea0 nmethod 2267 0x000001d41020f510 code [0x000001d41020f6c0, 0x000001d41020f910]
Event: 3.192 Thread 0x000001d40cb7bea0 2268       3       org.eclipse.osgi.internal.loader.BundleLoaderSources::forceSourceCreation (31 bytes)
Event: 3.192 Thread 0x000001d40cb7bea0 nmethod 2268 0x000001d41020fa10 code [0x000001d41020fbe0, 0x000001d41020ff50]
Event: 3.192 Thread 0x000001d40cb7bea0 2269   !   3       java.util.Collections$SynchronizedCollection::add (25 bytes)
Event: 3.193 Thread 0x000001d40cb7bea0 nmethod 2269 0x000001d410210090 code [0x000001d410210240, 0x000001d410210510]
Event: 3.199 Thread 0x000001d40cb7bea0 2270       3       java.net.URLStreamHandler::<init> (5 bytes)
Event: 3.199 Thread 0x000001d40cb7bea0 nmethod 2270 0x000001d410210690 code [0x000001d410210840, 0x000001d4102109a8]
Event: 3.204 Thread 0x000001d40cb7bea0 2271       3       java.util.Arrays::copyOfRange (25 bytes)
Event: 3.205 Thread 0x000001d40cb7bea0 nmethod 2271 0x000001d410210a90 code [0x000001d410210d40, 0x000001d4102118e8]
Event: 3.205 Thread 0x000001d40cb7bea0 2273       3       java.math.BigInteger::implSquareToLen (154 bytes)
Event: 3.206 Thread 0x000001d40cb7bea0 nmethod 2273 0x000001d410211d10 code [0x000001d410211f20, 0x000001d4102123c8]
Event: 3.206 Thread 0x000001d40cb7bea0 2274       3       java.math.BigInteger::shiftLeftImplWorker (43 bytes)
Event: 3.206 Thread 0x000001d40cb7bea0 nmethod 2274 0x000001d410212710 code [0x000001d4102128c0, 0x000001d410212ae8]
Event: 3.207 Thread 0x000001d40cb7bea0 2275       3       java.math.MutableBigInteger::divWord (108 bytes)
Event: 3.207 Thread 0x000001d40cb7bea0 nmethod 2275 0x000001d410212c90 code [0x000001d410212e60, 0x000001d4102131a8]
Event: 3.209 Thread 0x000001d40cb7bea0 2276       3       java.util.regex.Pattern$SliceI::match (96 bytes)
Event: 3.209 Thread 0x000001d40cb7bea0 nmethod 2276 0x000001d410213310 code [0x000001d410213520, 0x000001d410213b48]
Event: 3.209 Thread 0x000001d40cb7bea0 2277       3       java.util.KeyValueHolder::<init> (21 bytes)
Event: 3.210 Thread 0x000001d40cb7bea0 nmethod 2277 0x000001d410213d90 code [0x000001d410213f80, 0x000001d4102143c8]

GC Heap History (4 events):
Event: 1.665 GC heap before
{Heap before GC invocations=1 (full 0):
 PSYoungGen      total 29696K, used 25600K [0x00000000d5580000, 0x00000000d7680000, 0x0000000100000000)
  eden space 25600K, 100% used [0x00000000d5580000,0x00000000d6e80000,0x00000000d6e80000)
  from space 4096K, 0% used [0x00000000d7280000,0x00000000d7280000,0x00000000d7680000)
  to   space 4096K, 0% used [0x00000000d6e80000,0x00000000d6e80000,0x00000000d7280000)
 ParOldGen       total 68608K, used 0K [0x0000000080000000, 0x0000000084300000, 0x00000000d5580000)
  object space 68608K, 0% used [0x0000000080000000,0x0000000080000000,0x0000000084300000)
 Metaspace       used 4494K, committed 4672K, reserved 1114112K
  class space    used 491K, committed 576K, reserved 1048576K
}
Event: 1.676 GC heap after
{Heap after GC invocations=1 (full 0):
 PSYoungGen      total 29696K, used 3280K [0x00000000d5580000, 0x00000000d7680000, 0x0000000100000000)
  eden space 25600K, 0% used [0x00000000d5580000,0x00000000d5580000,0x00000000d6e80000)
  from space 4096K, 80% used [0x00000000d6e80000,0x00000000d71b4148,0x00000000d7280000)
  to   space 4096K, 0% used [0x00000000d7280000,0x00000000d7280000,0x00000000d7680000)
 ParOldGen       total 68608K, used 16K [0x0000000080000000, 0x0000000084300000, 0x00000000d5580000)
  object space 68608K, 0% used [0x0000000080000000,0x0000000080004000,0x0000000084300000)
 Metaspace       used 4494K, committed 4672K, reserved 1114112K
  class space    used 491K, committed 576K, reserved 1048576K
}
Event: 2.785 GC heap before
{Heap before GC invocations=2 (full 0):
 PSYoungGen      total 29696K, used 28880K [0x00000000d5580000, 0x00000000d7680000, 0x0000000100000000)
  eden space 25600K, 100% used [0x00000000d5580000,0x00000000d6e80000,0x00000000d6e80000)
  from space 4096K, 80% used [0x00000000d6e80000,0x00000000d71b4148,0x00000000d7280000)
  to   space 4096K, 0% used [0x00000000d7280000,0x00000000d7280000,0x00000000d7680000)
 ParOldGen       total 68608K, used 16K [0x0000000080000000, 0x0000000084300000, 0x00000000d5580000)
  object space 68608K, 0% used [0x0000000080000000,0x0000000080004000,0x0000000084300000)
 Metaspace       used 8345K, committed 8640K, reserved 1114112K
  class space    used 888K, committed 1024K, reserved 1048576K
}
Event: 2.790 GC heap after
{Heap after GC invocations=2 (full 0):
 PSYoungGen      total 29696K, used 4084K [0x00000000d5580000, 0x00000000d7680000, 0x0000000100000000)
  eden space 25600K, 0% used [0x00000000d5580000,0x00000000d5580000,0x00000000d6e80000)
  from space 4096K, 99% used [0x00000000d7280000,0x00000000d767d028,0x00000000d7680000)
  to   space 4096K, 0% used [0x00000000d6e80000,0x00000000d6e80000,0x00000000d7280000)
 ParOldGen       total 68608K, used 383K [0x0000000080000000, 0x0000000084300000, 0x00000000d5580000)
  object space 68608K, 0% used [0x0000000080000000,0x000000008005fe98,0x0000000084300000)
 Metaspace       used 8345K, committed 8640K, reserved 1114112K
  class space    used 888K, committed 1024K, reserved 1048576K
}

Dll operation events (9 events):
Event: 0.028 Loaded shared library c:\Users\ASUS\.vscode\extensions\redhat.java-1.49.0-win32-x64\jre\21.0.9-win32-x86_64\bin\java.dll
Event: 0.199 Loaded shared library c:\Users\ASUS\.vscode\extensions\redhat.java-1.49.0-win32-x64\jre\21.0.9-win32-x86_64\bin\zip.dll
Event: 0.249 Loaded shared library C:\Users\ASUS\.vscode\extensions\redhat.java-1.49.0-win32-x64\jre\21.0.9-win32-x86_64\bin\instrument.dll
Event: 0.261 Loaded shared library C:\Users\ASUS\.vscode\extensions\redhat.java-1.49.0-win32-x64\jre\21.0.9-win32-x86_64\bin\net.dll
Event: 0.265 Loaded shared library C:\Users\ASUS\.vscode\extensions\redhat.java-1.49.0-win32-x64\jre\21.0.9-win32-x86_64\bin\nio.dll
Event: 0.272 Loaded shared library C:\Users\ASUS\.vscode\extensions\redhat.java-1.49.0-win32-x64\jre\21.0.9-win32-x86_64\bin\zip.dll
Event: 0.320 Loaded shared library C:\Users\ASUS\.vscode\extensions\redhat.java-1.49.0-win32-x64\jre\21.0.9-win32-x86_64\bin\jimage.dll
Event: 0.595 Loaded shared library c:\Users\ASUS\.vscode\extensions\redhat.java-1.49.0-win32-x64\jre\21.0.9-win32-x86_64\bin\verify.dll
Event: 3.021 Loaded shared library C:\Users\ASUS\AppData\Roaming\Code\User\globalStorage\redhat.java\1.49.0\config_ss_win\org.eclipse.equinox.launcher\org.eclipse.equinox.launcher.win32.win32.x86_64_1.2.1400.v20250801-0854\eclipse_11916.dll

Deoptimization events (20 events):
Event: 3.127 Thread 0x000001d46abc6ed0 DEOPT PACKING pc=0x000001d417951230 sp=0x000000395c5fecd0
Event: 3.127 Thread 0x000001d46abc6ed0 DEOPT UNPACKING pc=0x000001d417363aa2 sp=0x000000395c5fec38 mode 2
Event: 3.202 Thread 0x000001d46ac14180 Uncommon trap: trap_request=0xffffffcc fr.pc=0x000001d4179852fc relative=0x000000000000033c
Event: 3.202 Thread 0x000001d46ac14180 Uncommon trap: reason=intrinsic_or_type_checked_inlining action=make_not_entrant pc=0x000001d4179852fc method=java.util.Arrays.copyOf([Ljava/lang/Object;ILjava/lang/Class;)[Ljava/lang/Object; @ 35 c2
Event: 3.202 Thread 0x000001d46ac14180 DEOPT PACKING pc=0x000001d4179852fc sp=0x000000395c9fd900
Event: 3.202 Thread 0x000001d46ac14180 DEOPT UNPACKING pc=0x000001d417363aa2 sp=0x000000395c9fd8a8 mode 2
Event: 3.203 Thread 0x000001d46ac14180 DEOPT PACKING pc=0x000001d40fee318b sp=0x000000395c9fd0a0
Event: 3.203 Thread 0x000001d46ac14180 DEOPT UNPACKING pc=0x000001d417364242 sp=0x000000395c9fc518 mode 0
Event: 3.204 Thread 0x000001d46ac14180 DEOPT PACKING pc=0x000001d40ff5e308 sp=0x000000395c9fcca0
Event: 3.204 Thread 0x000001d46ac14180 DEOPT UNPACKING pc=0x000001d417364242 sp=0x000000395c9fc120 mode 0
Event: 3.204 Thread 0x000001d46ac14180 DEOPT PACKING pc=0x000001d40fede686 sp=0x000000395c9fcb50
Event: 3.204 Thread 0x000001d46ac14180 DEOPT UNPACKING pc=0x000001d417364242 sp=0x000000395c9fbfd0 mode 0
Event: 3.206 Thread 0x000001d46ac14180 DEOPT PACKING pc=0x000001d40ff5e308 sp=0x000000395c9fcfa0
Event: 3.206 Thread 0x000001d46ac14180 DEOPT UNPACKING pc=0x000001d417364242 sp=0x000000395c9fc420 mode 0
Event: 3.207 Thread 0x000001d46ac14180 DEOPT PACKING pc=0x000001d40fede686 sp=0x000000395c9fcdb0
Event: 3.207 Thread 0x000001d46ac14180 DEOPT UNPACKING pc=0x000001d417364242 sp=0x000000395c9fc230 mode 0
Event: 3.207 Thread 0x000001d46ac14180 DEOPT PACKING pc=0x000001d40ff5e308 sp=0x000000395c9fcef0
Event: 3.207 Thread 0x000001d46ac14180 DEOPT UNPACKING pc=0x000001d417364242 sp=0x000000395c9fc370 mode 0
Event: 3.208 Thread 0x000001d46ac14180 DEOPT PACKING pc=0x000001d40ff5e308 sp=0x000000395c9fd200
Event: 3.208 Thread 0x000001d46ac14180 DEOPT UNPACKING pc=0x000001d417364242 sp=0x000000395c9fc680 mode 0

Classes loaded (20 events):
Event: 2.641 Loading class java/lang/Thread$Builder$OfPlatform
Event: 2.641 Loading class java/lang/Thread$Builder
Event: 2.641 Loading class java/lang/Thread$Builder done
Event: 2.641 Loading class java/lang/Thread$Builder$OfPlatform done
Event: 2.641 Loading class java/lang/Thread$Builder$OfVirtual
Event: 2.641 Loading class java/lang/Thread$Builder$OfVirtual done
Event: 2.762 Loading class java/util/MissingResourceException
Event: 2.762 Loading class java/util/MissingResourceException done
Event: 3.019 Loading class java/util/ArrayList$ListItr
Event: 3.019 Loading class java/util/ArrayList$ListItr done
Event: 3.021 Loading class java/util/concurrent/locks/AbstractQueuedSynchronizer$SharedNode
Event: 3.021 Loading class java/util/concurrent/locks/AbstractQueuedSynchronizer$SharedNode done
Event: 3.024 Loading class java/util/Collections$ReverseComparator
Event: 3.024 Loading class java/util/Collections$ReverseComparator done
Event: 3.024 Loading class java/util/Comparators$NaturalOrderComparator
Event: 3.024 Loading class java/util/Comparators$NaturalOrderComparator done
Event: 3.025 Loading class java/util/Collections$ReverseComparator2
Event: 3.025 Loading class java/util/Collections$ReverseComparator2 done
Event: 3.093 Loading class java/util/AbstractList$Itr
Event: 3.093 Loading class java/util/AbstractList$Itr done

Classes unloaded (0 events):
No events

Classes redefined (0 events):
No events

Internal exceptions (20 events):
Event: 1.690 Thread 0x000001d40cbdd3a0 Exception <a 'java/lang/ClassNotFoundException'{0x00000000d55c53c8}: sun/net/www/protocol/c/Handler> (0x00000000d55c53c8) 
thrown [s\src\hotspot\share\classfile\systemDictionary.cpp, line 312]
Event: 1.691 Thread 0x000001d40cbdd3a0 Exception <a 'java/lang/ClassNotFoundException'{0x00000000d55c6740}: sun/net/www/protocol/d/Handler> (0x00000000d55c6740) 
thrown [s\src\hotspot\share\classfile\systemDictionary.cpp, line 312]
Event: 1.692 Thread 0x000001d40cbdd3a0 Exception <a 'java/lang/ClassNotFoundException'{0x00000000d55c78d8}: sun/net/www/protocol/c/Handler> (0x00000000d55c78d8) 
thrown [s\src\hotspot\share\classfile\systemDictionary.cpp, line 312]
Event: 1.706 Thread 0x000001d40cbdd3a0 Exception <a 'java/io/FileNotFoundException'{0x00000000d55ec328}> (0x00000000d55ec328) 
thrown [s\src\hotspot\share\prims\jni.cpp, line 520]
Event: 1.791 Thread 0x000001d40cbdd3a0 Implicit null exception at 0x000001d41791f749 to 0x000001d417920220
Event: 1.791 Thread 0x000001d40cbdd3a0 Implicit null exception at 0x000001d41791a99a to 0x000001d41791aba0
Event: 1.792 Thread 0x000001d40cbdd3a0 Exception <a 'java/lang/NoSuchMethodError'{0x00000000d571b4e8}: 'void java.lang.invoke.DirectMethodHandle$Holder.invokeStatic(java.lang.Object, java.lang.Object, java.lang.Object, java.lang.Object)'> (0x00000000d571b4e8) 
thrown [s\src\hotspot\share\interpreter\linkResolver.cpp, line 773]
Event: 1.794 Thread 0x000001d40cbdd3a0 Implicit null exception at 0x000001d41790c59a to 0x000001d41790c798
Event: 1.795 Thread 0x000001d40cbdd3a0 Implicit null exception at 0x000001d41790cc3d to 0x000001d41790ccc1
Event: 2.043 Thread 0x000001d40cbdd3a0 Exception <a 'java/lang/NoSuchMethodError'{0x00000000d5b59a80}: 'int java.lang.invoke.DirectMethodHandle$Holder.invokeVirtual(java.lang.Object, java.lang.Object)'> (0x00000000d5b59a80) 
thrown [s\src\hotspot\share\interpreter\linkResolver.cpp, line 773]
Event: 2.457 Thread 0x000001d40cbdd3a0 Exception <a 'java/lang/IncompatibleClassChangeError'{0x00000000d6523e88}: Found class java.lang.Object, but interface was expected> (0x00000000d6523e88) 
thrown [s\src\hotspot\share\interpreter\linkResolver.cpp, line 840]
Event: 2.459 Thread 0x000001d40cbdd3a0 Exception <a 'java/lang/NoSuchMethodError'{0x00000000d652c928}: 'void java.lang.invoke.DirectMethodHandle$Holder.invokeInterface(java.lang.Object, java.lang.Object, java.lang.Object)'> (0x00000000d652c928) 
thrown [s\src\hotspot\share\interpreter\linkResolver.cpp, line 773]
Event: 2.492 Thread 0x000001d40cbdd3a0 Exception <a 'java/lang/NoSuchMethodError'{0x00000000d679f7c0}: 'int java.lang.invoke.DirectMethodHandle$Holder.invokeStaticInit(java.lang.Object, java.lang.Object, java.lang.Object, java.lang.Object)'> (0x00000000d679f7c0) 
thrown [s\src\hotspot\share\interpreter\linkResolver.cpp, line 773]
Event: 2.494 Thread 0x000001d40cbdd3a0 Exception <a 'java/lang/NoSuchMethodError'{0x00000000d67a9d90}: 'void java.lang.invoke.DirectMethodHandle$Holder.invokeStaticInit(java.lang.Object, java.lang.Object)'> (0x00000000d67a9d90) 
thrown [s\src\hotspot\share\interpreter\linkResolver.cpp, line 773]
Event: 2.496 Thread 0x000001d40cbdd3a0 Exception <a 'java/lang/NoSuchMethodError'{0x00000000d67af270}: 'int java.lang.invoke.DirectMethodHandle$Holder.invokeStaticInit(java.lang.Object, java.lang.Object)'> (0x00000000d67af270) 
thrown [s\src\hotspot\share\interpreter\linkResolver.cpp, line 773]
Event: 2.564 Thread 0x000001d40cbdd3a0 Exception <a 'java/lang/NoSuchMethodError'{0x00000000d6998268}: 'java.lang.Object java.lang.invoke.DirectMethodHandle$Holder.newInvokeSpecial(java.lang.Object, int, java.lang.Object)'> (0x00000000d6998268) 
thrown [s\src\hotspot\share\interpreter\linkResolver.cpp, line 773]
Event: 2.609 Thread 0x000001d40cbdd3a0 Exception <a 'java/lang/ClassNotFoundException'{0x00000000d6b150d0}: sun/net/www/protocol/plurl/Handler> (0x00000000d6b150d0) 
thrown [s\src\hotspot\share\classfile\systemDictionary.cpp, line 312]
Event: 2.609 Thread 0x000001d40cbdd3a0 Exception <a 'java/lang/ClassNotFoundException'{0x00000000d6b15f50}: sun/net/www/protocol/plurl/Handler> (0x00000000d6b15f50) 
thrown [s\src\hotspot\share\classfile\systemDictionary.cpp, line 312]
Event: 2.615 Thread 0x000001d40cbdd3a0 Exception <a 'java/lang/NoSuchMethodError'{0x00000000d6b55c68}: 'void java.lang.invoke.DirectMethodHandle$Holder.invokeSpecial(java.lang.Object, java.lang.Object, java.lang.Object)'> (0x00000000d6b55c68) 
thrown [s\src\hotspot\share\interpreter\linkResolver.cpp, line 773]
Event: 3.016 Thread 0x000001d40cbdd3a0 Exception <a 'java/lang/UnsatisfiedLinkError'{0x00000000d62043d8}: 'void org.eclipse.equinox.launcher.JNIBridge._update_splash()'> (0x00000000d62043d8) 
thrown [s\src\hotspot\share\prims\nativeLookup.cpp, line 415]

ZGC Phase Switch (0 events):
No events

VM Operations (20 events):
Event: 1.118 Executing VM operation: Cleanup
Event: 1.118 Executing VM operation: Cleanup done
Event: 1.144 Executing VM operation: HandshakeAllThreads (Deoptimize)
Event: 1.144 Executing VM operation: HandshakeAllThreads (Deoptimize) done
Event: 1.638 Executing VM operation: HandshakeAllThreads (Deoptimize)
Event: 1.638 Executing VM operation: HandshakeAllThreads (Deoptimize) done
Event: 1.665 Executing VM operation: ParallelGCFailedAllocation (Allocation Failure)
Event: 1.676 Executing VM operation: ParallelGCFailedAllocation (Allocation Failure) done
Event: 2.523 Executing VM operation: HandshakeAllThreads (Deoptimize)
Event: 2.523 Executing VM operation: HandshakeAllThreads (Deoptimize) done
Event: 2.605 Executing VM operation: HandshakeAllThreads (Deoptimize)
Event: 2.605 Executing VM operation: HandshakeAllThreads (Deoptimize) done
Event: 2.785 Executing VM operation: ParallelGCFailedAllocation (Allocation Failure)
Event: 2.790 Executing VM operation: ParallelGCFailedAllocation (Allocation Failure) done
Event: 3.020 Executing VM operation: HandshakeAllThreads (Deoptimize)
Event: 3.020 Executing VM operation: HandshakeAllThreads (Deoptimize) done
Event: 3.076 Executing VM operation: HandshakeAllThreads (Deoptimize)
Event: 3.076 Executing VM operation: HandshakeAllThreads (Deoptimize) done
Event: 3.158 Executing VM operation: ICBufferFull
Event: 3.158 Executing VM operation: ICBufferFull done

Memory protections (0 events):
No events

Nmethod flushes (0 events):
No events

Events (20 events):
Event: 1.000 Thread 0x000001d40cb5c170 Thread added: 0x000001d46a3a0d60
Event: 1.000 Thread 0x000001d40cb5c170 Thread added: 0x000001d46a339b80
Event: 1.371 Thread 0x000001d46a339b80 Thread exited: 0x000001d46a339b80
Event: 1.738 Thread 0x000001d46a3a0d60 Thread exited: 0x000001d46a3a0d60
Event: 2.123 Thread 0x000001d40cb5c170 Thread added: 0x000001d46a6d2050
Event: 2.124 Thread 0x000001d40cb5c170 Thread added: 0x000001d46a6d26f0
Event: 2.439 Thread 0x000001d40cbdd3a0 Thread added: 0x000001d46aa948b0
Event: 2.441 Thread 0x000001d46aa948b0 Thread added: 0x000001d46abd58a0
Event: 2.446 Thread 0x000001d40cbdd3a0 Thread added: 0x000001d46aa95870
Event: 2.450 Thread 0x000001d40cbdd3a0 Thread added: 0x000001d46abc5370
Event: 2.451 Thread 0x000001d40cbdd3a0 Thread added: 0x000001d46abc59d0
Event: 2.454 Thread 0x000001d40cbdd3a0 Thread added: 0x000001d46abc6ed0
Event: 2.476 Thread 0x000001d46a6d26f0 Thread exited: 0x000001d46a6d26f0
Event: 2.505 Thread 0x000001d40cbdd3a0 Thread added: 0x000001d46aa67820
Event: 2.760 Thread 0x000001d40cbdd3a0 Thread added: 0x000001d46ab25f10
Event: 2.764 Thread 0x000001d40cbdd3a0 Thread added: 0x000001d46ac15530
Event: 3.011 Thread 0x000001d40cbdd3a0 Thread added: 0x000001d46ac14180
Event: 3.089 Thread 0x000001d46ac14180 Thread added: 0x000001d46ac13af0
Event: 3.090 Thread 0x000001d46ac14180 Thread added: 0x000001d46ac14810
Event: 3.129 Thread 0x000001d40cb7bea0 Thread added: 0x000001d46a8fed10


Dynamic libraries:
0x00007ff6ef6a0000 - 0x00007ff6ef6ae000 	c:\Users\ASUS\.vscode\extensions\redhat.java-1.49.0-win32-x64\jre\21.0.9-win32-x86_64\bin\java.exe
0x00007ff895af0000 - 0x00007ff895d08000 	C:\Windows\SYSTEM32\ntdll.dll
0x00007ff893c60000 - 0x00007ff893d24000 	C:\Windows\System32\KERNEL32.DLL
0x00007ff893020000 - 0x00007ff8933f3000 	C:\Windows\System32\KERNELBASE.dll
0x00007ff892bf0000 - 0x00007ff892d01000 	C:\Windows\System32\ucrtbase.dll
0x00007ff881050000 - 0x00007ff881068000 	c:\Users\ASUS\.vscode\extensions\redhat.java-1.49.0-win32-x64\jre\21.0.9-win32-x86_64\bin\jli.dll
0x00007ff8947c0000 - 0x00007ff894972000 	C:\Windows\System32\USER32.dll
0x00007ff881820000 - 0x00007ff88183e000 	c:\Users\ASUS\.vscode\extensions\redhat.java-1.49.0-win32-x64\jre\21.0.9-win32-x86_64\bin\VCRUNTIME140.dll
0x00007ff892d10000 - 0x00007ff892d36000 	C:\Windows\System32\win32u.dll
0x00007ff893a20000 - 0x00007ff893a49000 	C:\Windows\System32\GDI32.dll
0x00007ff893400000 - 0x00007ff893523000 	C:\Windows\System32\gdi32full.dll
0x00007ff893670000 - 0x00007ff89370a000 	C:\Windows\System32\msvcp_win.dll
0x00007ff884fc0000 - 0x00007ff88525c000 	C:\Windows\WinSxS\amd64_microsoft.windows.common-controls_6595b64144ccf1df_6.0.22621.6060_none_2712eda17382d24b\COMCTL32.dll
0x00007ff893bb0000 - 0x00007ff893c57000 	C:\Windows\System32\msvcrt.dll
0x00007ff8949f0000 - 0x00007ff894a21000 	C:\Windows\System32\IMM32.DLL
0x00007ff885530000 - 0x00007ff88553c000 	c:\Users\ASUS\.vscode\extensions\redhat.java-1.49.0-win32-x64\jre\21.0.9-win32-x86_64\bin\vcruntime140_1.dll
0x00007ff851750000 - 0x00007ff8517dd000 	c:\Users\ASUS\.vscode\extensions\redhat.java-1.49.0-win32-x64\jre\21.0.9-win32-x86_64\bin\msvcp140.dll
0x00007ffffa3c0000 - 0x00007ffffb160000 	c:\Users\ASUS\.vscode\extensions\redhat.java-1.49.0-win32-x64\jre\21.0.9-win32-x86_64\bin\server\jvm.dll
0x00007ff8952f0000 - 0x00007ff8953a1000 	C:\Windows\System32\ADVAPI32.dll
0x00007ff893a50000 - 0x00007ff893af8000 	C:\Windows\System32\sechost.dll
0x00007ff892f30000 - 0x00007ff892f58000 	C:\Windows\System32\bcrypt.dll
0x00007ff895140000 - 0x00007ff895258000 	C:\Windows\System32\RPCRT4.dll
0x00007ff895050000 - 0x00007ff8950c1000 	C:\Windows\System32\WS2_32.dll
0x00007ff88d5d0000 - 0x00007ff88d604000 	C:\Windows\SYSTEM32\WINMM.dll
0x00007ff8924f0000 - 0x00007ff89253d000 	C:\Windows\SYSTEM32\POWRPROF.dll
0x00007ff888050000 - 0x00007ff88805a000 	C:\Windows\SYSTEM32\VERSION.dll
0x00007ff8924d0000 - 0x00007ff8924e3000 	C:\Windows\SYSTEM32\UMPDC.dll
0x00007ff891bc0000 - 0x00007ff891bd8000 	C:\Windows\SYSTEM32\kernel.appcore.dll
0x00007ff8854f0000 - 0x00007ff8854fa000 	c:\Users\ASUS\.vscode\extensions\redhat.java-1.49.0-win32-x64\jre\21.0.9-win32-x86_64\bin\jimage.dll
0x00007ff8907d0000 - 0x00007ff890a03000 	C:\Windows\SYSTEM32\DBGHELP.DLL
0x00007ff8953c0000 - 0x00007ff895752000 	C:\Windows\System32\combase.dll
0x00007ff8938c0000 - 0x00007ff893998000 	C:\Windows\System32\OLEAUT32.dll
0x00007ff886220000 - 0x00007ff886252000 	C:\Windows\SYSTEM32\dbgcore.DLL
0x00007ff892d40000 - 0x00007ff892dbb000 	C:\Windows\System32\bcryptPrimitives.dll
0x00007ff872940000 - 0x00007ff87294f000 	c:\Users\ASUS\.vscode\extensions\redhat.java-1.49.0-win32-x64\jre\21.0.9-win32-x86_64\bin\instrument.dll
0x00007ff87e440000 - 0x00007ff87e460000 	c:\Users\ASUS\.vscode\extensions\redhat.java-1.49.0-win32-x64\jre\21.0.9-win32-x86_64\bin\java.dll
0x00007ff893db0000 - 0x00007ff89464e000 	C:\Windows\System32\SHELL32.dll
0x00007ff893530000 - 0x00007ff89366f000 	C:\Windows\System32\wintypes.dll
0x00007ff890a80000 - 0x00007ff891398000 	C:\Windows\SYSTEM32\windows.storage.dll
0x00007ff895760000 - 0x00007ff895864000 	C:\Windows\System32\SHCORE.dll
0x00007ff895870000 - 0x00007ff8958d9000 	C:\Windows\System32\shlwapi.dll
0x00007ff892b20000 - 0x00007ff892b45000 	C:\Windows\SYSTEM32\profapi.dll
0x00007ff87e4a0000 - 0x00007ff87e4b8000 	c:\Users\ASUS\.vscode\extensions\redhat.java-1.49.0-win32-x64\jre\21.0.9-win32-x86_64\bin\zip.dll
0x00007ff87e340000 - 0x00007ff87e350000 	C:\Users\ASUS\.vscode\extensions\redhat.java-1.49.0-win32-x64\jre\21.0.9-win32-x86_64\bin\net.dll
0x00007ff88eaa0000 - 0x00007ff88ebcc000 	C:\Windows\SYSTEM32\WINHTTP.dll
0x00007ff8920a0000 - 0x00007ff892109000 	C:\Windows\system32\mswsock.dll
0x00007ff87bc90000 - 0x00007ff87bca6000 	C:\Users\ASUS\.vscode\extensions\redhat.java-1.49.0-win32-x64\jre\21.0.9-win32-x86_64\bin\nio.dll
0x00007ff872930000 - 0x00007ff872940000 	c:\Users\ASUS\.vscode\extensions\redhat.java-1.49.0-win32-x64\jre\21.0.9-win32-x86_64\bin\verify.dll
0x00007ff8619f0000 - 0x00007ff861a34000 	C:\Users\ASUS\AppData\Roaming\Code\User\globalStorage\redhat.java\1.49.0\config_ss_win\org.eclipse.equinox.launcher\org.eclipse.equinox.launcher.win32.win32.x86_64_1.2.1400.v20250801-0854\eclipse_11916.dll
0x00007ff894eb0000 - 0x00007ff895050000 	C:\Windows\System32\ole32.dll

JVMTI agents:
c:\Users\ASUS\.vscode\extensions\redhat.java-1.49.0-win32-x64\lombok\lombok-1.18.39-4050.jar path:c:\Users\ASUS\.vscode\extensions\redhat.java-1.49.0-win32-x64\jre\21.0.9-win32-x86_64\bin\instrument.dll, loaded, initialized, instrumentlib options:none

dbghelp: loaded successfully - version: 4.0.5 - missing functions: none
symbol engine: initialized successfully - sym options: 0x614 - pdb path: .;c:\Users\ASUS\.vscode\extensions\redhat.java-1.49.0-win32-x64\jre\21.0.9-win32-x86_64\bin;C:\Windows\SYSTEM32;C:\Windows\WinSxS\amd64_microsoft.windows.common-controls_6595b64144ccf1df_6.0.22621.6060_none_2712eda17382d24b;c:\Users\ASUS\.vscode\extensions\redhat.java-1.49.0-win32-x64\jre\21.0.9-win32-x86_64\bin\server;C:\Users\ASUS\AppData\Roaming\Code\User\globalStorage\redhat.java\1.49.0\config_ss_win\org.eclipse.equinox.launcher\org.eclipse.equinox.launcher.win32.win32.x86_64_1.2.1400.v20250801-0854

VM Arguments:
jvm_args: --add-modules=ALL-SYSTEM --add-opens=java.base/java.util=ALL-UNNAMED --add-opens=java.base/java.lang=ALL-UNNAMED --add-opens=java.base/sun.nio.fs=ALL-UNNAMED -Declipse.application=org.eclipse.jdt.ls.core.id1 -Dosgi.bundles.defaultStartLevel=4 -Declipse.product=org.eclipse.jdt.ls.core.product -Djava.import.generatesMetadataFilesAtProjectRoot=false -DDetectVMInstallationsJob.disabled=true -Dfile.encoding=utf8 -XX:+UseParallelGC -XX:GCTimeRatio=4 -XX:AdaptiveSizePolicyWeight=90 -Dsun.zip.disableMemoryMapping=true -Xmx2G -Xms100m -Xlog:disable -javaagent:c:\Users\ASUS\.vscode\extensions\redhat.java-1.49.0-win32-x64\lombok\lombok-1.18.39-4050.jar 
java_command: c:\Users\ASUS\.vscode\extensions\redhat.java-1.49.0-win32-x64\server\plugins\org.eclipse.equinox.launcher_1.7.100.v20251111-0406.jar -configuration c:\Users\ASUS\AppData\Roaming\Code\User\globalStorage\redhat.java\1.49.0\config_ss_win -data c:\Users\ASUS\AppData\Roaming\Code\User\workspaceStorage\6295893cbf97c814c47530ac49e64bfc\redhat.java\ss_ws --pipe=\\.\pipe\lsp-5ab333a35f83841fcaf0e66b3461e31a-sock
java_class_path (initial): c:\Users\ASUS\.vscode\extensions\redhat.java-1.49.0-win32-x64\server\plugins\org.eclipse.equinox.launcher_1.7.100.v20251111-0406.jar
Launcher Type: SUN_STANDARD

[Global flags]
    uintx AdaptiveSizePolicyWeight                 = 90                                        {product} {command line}
     intx CICompilerCount                          = 4                                         {product} {ergonomic}
    uintx GCTimeRatio                              = 4                                         {product} {command line}
   size_t InitialHeapSize                          = 104857600                                 {product} {command line}
   size_t MaxHeapSize                              = 2147483648                                {product} {command line}
   size_t MaxNewSize                               = 715653120                                 {product} {ergonomic}
   size_t MinHeapDeltaBytes                        = 524288                                    {product} {ergonomic}
   size_t MinHeapSize                              = 104857600                                 {product} {command line}
   size_t NewSize                                  = 34603008                                  {product} {ergonomic}
    uintx NonNMethodCodeHeapSize                   = 5839372                                {pd product} {ergonomic}
    uintx NonProfiledCodeHeapSize                  = 122909434                              {pd product} {ergonomic}
   size_t OldSize                                  = 70254592                                  {product} {ergonomic}
    uintx ProfiledCodeHeapSize                     = 122909434                              {pd product} {ergonomic}
    uintx ReservedCodeCacheSize                    = 251658240                              {pd product} {ergonomic}
     bool SegmentedCodeCache                       = true                                      {product} {ergonomic}
   size_t SoftMaxHeapSize                          = 2147483648                             {manageable} {ergonomic}
     bool UseCompressedOops                        = true                           {product lp64_product} {ergonomic}
     bool UseLargePagesIndividualAllocation        = false                                  {pd product} {ergonomic}
     bool UseParallelGC                            = true                                      {product} {command line}

Logging:
Log output configuration:
 #0: stdout all=off uptime,level,tags foldmultilines=false
 #1: stderr all=off uptime,level,tags foldmultilines=false

Release file:
JAVA_VERSION="21.0.9" 
MODULES="java.base java.compiler java.datatransfer java.xml java.prefs java.desktop java.instrument java.logging java.management java.security.sasl java.naming java.rmi java.management.rmi java.net.http java.scripting java.security.jgss java.transaction.xa java.sql java.sql.rowset java.xml.crypto java.se java.smartcardio jdk.accessibility jdk.internal.jvmstat jdk.attach jdk.charsets jdk.internal.opt jdk.zipfs jdk.compiler jdk.crypto.ec jdk.crypto.cryptoki jdk.crypto.mscapi jdk.dynalink jdk.internal.ed jdk.editpad jdk.hotspot.agent jdk.httpserver jdk.internal.le jdk.internal.vm.ci jdk.internal.vm.compiler jdk.internal.vm.compiler.management jdk.jartool jdk.javadoc jdk.jcmd jdk.management jdk.management.agent jdk.jconsole jdk.jdeps jdk.jdwp.agent jdk.jdi jdk.jfr jdk.jshell jdk.jsobject jdk.jstatd jdk.localedata jdk.management.jfr jdk.naming.dns jdk.naming.rmi jdk.net jdk.nio.mapmode jdk.random jdk.sctp jdk.security.auth jdk.security.jgss jdk.unsupported jdk.unsupported.desktop jdk.xml.dom" 

Environment Variables:
PATH=C:\Program Files\Eclipse Adoptium\jre-8.0.452.9-hotspot\bin;C:\Program Files\Eclipse Adoptium\jdk-8.0.452.9-hotspot\bin;C:\oraclexe\app\oracle\product\10.2.0\server\bin;D:\VMWare\bin\;C:\Program Files\Common Files\Oracle\Java\javapath;C:\Program Files (x86)\Common Files\Oracle\Java\java8path;C:\Program Files (x86)\Common Files\Oracle\Java\javapath;C:\Windows\system32;C:\Windows;C:\Windows\System32\Wbem;C:\Windows\System32\WindowsPowerShell\v1.0\;C:\Windows\System32\OpenSSH\;C:\Program Files\dotnet\;C:\Program Files (x86)\MAVProxy;C:\Program Files\CMake\bin;C:\Program Files\Git\cmd;D:\MATHLAABB\runtime\win64;D:\MATHLAABB\bin;C:\Program Files\PuTTY\;C:\Program Files\nodejs\;C:\Users\ASUS\AppData\Local\Programs\Python\Python312\Scripts\;C:\Users\ASUS\AppData\Local\Programs\Python\Python312\;C:\Users\ASUS\AppData\Local\Microsoft\WindowsApps;C:\Users\ASUS\AppData\Local\Programs\Microsoft VS Code\bin;C:\msys64\ucrt64\bin;C:\Users\ASUS\.dotnet\tools;C:\LUA2\bin;C:\Users\ASUS\AppData\Local\GitHubDesktop\bin;C:\apache-maven-3.9.10\bin;C:\xampp\php;C:\Users\ASUS\AppData\Local\ComposerSetup\bin;C:\Users\ASUS\AppData\Roaming\Composer\vendor\bin;C:\Users\ASUS\AppData\Roaming\npm
USERNAME=ASUS
OS=Windows_NT
PROCESSOR_IDENTIFIER=AMD64 Family 23 Model 160 Stepping 0, AuthenticAMD
TMP=C:\Users\ASUS\AppData\Local\Temp
TEMP=C:\Users\ASUS\AppData\Local\Temp




Periodic native trim disabled

---------------  S Y S T E M  ---------------

OS:
 Windows 11 , 64 bit Build 22621 (10.0.22621.5415)
OS uptime: 0 days 9:13 hours
Hyper-V role detected

CPU: total 8 (initial active 8) (8 cores per cpu, 2 threads per core) family 23 model 160 stepping 0 microcode 0x0, cx8, cmov, fxsr, ht, mmx, 3dnowpref, sse, sse2, sse3, ssse3, sse4a, sse4.1, sse4.2, popcnt, lzcnt, tsc, tscinvbit, avx, avx2, aes, clmul, bmi1, bmi2, adx, sha, fma, vzeroupper, clflush, clflushopt, hv, rdtscp, rdpid, f16c
Processor Information for the first 8 processors :
  Max Mhz: 2801, Current Mhz: 2801, Mhz Limit: 2801

Memory: 4k page, system-wide physical 15647M (5028M free)
TotalPageFile size 15647M (AvailPageFile size 4M)
current process WorkingSet (physical memory assigned to process): 104M, peak: 105M
current process commit charge ("private bytes"): 253M, peak: 253M

vm_info: OpenJDK 64-Bit Server VM (21.0.9+10-LTS) for windows-amd64 JRE (21.0.9+10-LTS), built on 2025-10-21T00:00:00Z by "admin" with unknown MS VC++:1942

END.
