#
# There is insufficient memory for the Java Runtime Environment to continue.
# Native memory allocation (malloc) failed to allocate 333456 bytes. Error detail: Chunk::new
# Possible reasons:
#   The system is out of physical RAM or swap space
#   This process is running with CompressedOops enabled, and the Java Heap may be blocking the growth of the native heap
# Possible solutions:
#   Reduce memory load on the system
#   Increase physical memory or swap space
#   Check if swap backing store is full
#   Decrease Java heap size (-Xmx/-Xms)
#   Decrease number of Java threads
#   Decrease Java thread stack sizes (-Xss)
#   Set larger code cache with -XX:ReservedCodeCacheSize=
#   JVM is running with Unscaled Compressed Oops mode in which the Java heap is
#     placed in the first 4GB address space. The Java Heap base address is the
#     maximum limit for the native heap growth. Please use -XX:HeapBaseMinAddress
#     to set the Java Heap base and to place the Java Heap above 4GB virtual address.
# This output file may be truncated or incomplete.
#
#  Out of Memory Error (arena.cpp:168), pid=3788, tid=22404
#
# JRE version: OpenJDK Runtime Environment Temurin-21.0.9+10 (21.0.9+10) (build 21.0.9+10-LTS)
# Java VM: OpenJDK 64-Bit Server VM Temurin-21.0.9+10 (21.0.9+10-LTS, mixed mode, sharing, tiered, compressed oops, compressed class ptrs, parallel gc, windows-amd64)
# No core dump will be written. Minidumps are not enabled by default on client versions of Windows
#

---------------  S U M M A R Y ------------

Command Line: --add-modules=ALL-SYSTEM --add-opens=java.base/java.util=ALL-UNNAMED --add-opens=java.base/java.lang=ALL-UNNAMED --add-opens=java.base/sun.nio.fs=ALL-UNNAMED -Declipse.application=org.eclipse.jdt.ls.core.id1 -Dosgi.bundles.defaultStartLevel=4 -Declipse.product=org.eclipse.jdt.ls.core.product -Djava.import.generatesMetadataFilesAtProjectRoot=false -DDetectVMInstallationsJob.disabled=true -Dfile.encoding=utf8 -XX:+UseParallelGC -XX:GCTimeRatio=4 -XX:AdaptiveSizePolicyWeight=90 -Dsun.zip.disableMemoryMapping=true -Xmx2G -Xms100m -Xlog:disable -javaagent:c:\Users\ASUS\.vscode\extensions\redhat.java-1.49.0-win32-x64\lombok\lombok-1.18.39-4050.jar c:\Users\ASUS\.vscode\extensions\redhat.java-1.49.0-win32-x64\server\plugins\org.eclipse.equinox.launcher_1.7.100.v20251111-0406.jar -configuration c:\Users\ASUS\AppData\Roaming\Code\User\globalStorage\redhat.java\1.49.0\config_ss_win -data c:\Users\ASUS\AppData\Roaming\Code\User\workspaceStorage\6295893cbf97c814c47530ac49e64bfc\redhat.java\ss_ws --pipe=\\.\pipe\lsp-14a17bd63a85db7665c66b0dc201b588-sock

Host: AMD Ryzen 5 7520U with Radeon Graphics         , 8 cores, 15G,  Windows 11 , 64 bit Build 22621 (10.0.22621.5415)
Time: Sat Nov 22 16:58:59 2025 SE Asia Standard Time elapsed time: 3.042703 seconds (0d 0h 0m 3s)

---------------  T H R E A D  ---------------

Current thread (0x000001a5d41a1420):  JavaThread "C2 CompilerThread2" daemon [_thread_in_native, id=22404, stack(0x0000002366c00000,0x0000002366d00000) (1024K)]


Current CompileTask:
C2:3042 2381       4       jdk.internal.org.objectweb.asm.Frame::execute (2305 bytes)

Stack: [0x0000002366c00000,0x0000002366d00000]
Native frames: (J=compiled Java code, j=interpreted, Vv=VM code, C=native code)
V  [jvm.dll+0x6d6e29]
V  [jvm.dll+0x8b4b76]
V  [jvm.dll+0x8b712e]
V  [jvm.dll+0x8b7813]
V  [jvm.dll+0x283d86]
V  [jvm.dll+0xc66ed]
V  [jvm.dll+0xc6c31]
V  [jvm.dll+0x3be501]
V  [jvm.dll+0x38ab92]
V  [jvm.dll+0x389fda]
V  [jvm.dll+0x24bfa0]
V  [jvm.dll+0x24b580]
V  [jvm.dll+0x1cb13e]
V  [jvm.dll+0x25b29d]
V  [jvm.dll+0x25982a]
V  [jvm.dll+0x3f7ea6]
V  [jvm.dll+0x85e9ad]
V  [jvm.dll+0x6d565d]
C  [ucrtbase.dll+0x29333]
C  [KERNEL32.DLL+0x1259d]
C  [ntdll.dll+0x5af78]


---------------  P R O C E S S  ---------------

Threads class SMR info:
_java_thread_list=0x000001a5d4309920, length=19, elements={
0x000001a5f52eca90, 0x000001a5fcd5d860, 0x000001a5fcd5f880, 0x000001a5fcd65760,
0x000001a5fcd66670, 0x000001a5fcd67580, 0x000001a5fcd691e0, 0x000001a5fcd6c020,
0x000001a5fcd9dd30, 0x000001a5fe803890, 0x000001a5fe9315b0, 0x000001a5d40a4460,
0x000001a5ff2137b0, 0x000001a5ff2140e0, 0x000001a5fe7e26f0, 0x000001a5d41a0d80,
0x000001a5d41a1420, 0x000001a5d445ff10, 0x000001a5d442fab0
}

Java Threads: ( => current thread )
  0x000001a5f52eca90 JavaThread "main"                              [_thread_in_Java, id=16668, stack(0x0000002365200000,0x0000002365300000) (1024K)]
  0x000001a5fcd5d860 JavaThread "Reference Handler"          daemon [_thread_blocked, id=17472, stack(0x0000002365600000,0x0000002365700000) (1024K)]
  0x000001a5fcd5f880 JavaThread "Finalizer"                  daemon [_thread_blocked, id=16360, stack(0x0000002365700000,0x0000002365800000) (1024K)]
  0x000001a5fcd65760 JavaThread "Signal Dispatcher"          daemon [_thread_blocked, id=21280, stack(0x0000002365800000,0x0000002365900000) (1024K)]
  0x000001a5fcd66670 JavaThread "Attach Listener"            daemon [_thread_blocked, id=12032, stack(0x0000002365900000,0x0000002365a00000) (1024K)]
  0x000001a5fcd67580 JavaThread "Service Thread"             daemon [_thread_blocked, id=21996, stack(0x0000002365a00000,0x0000002365b00000) (1024K)]
  0x000001a5fcd691e0 JavaThread "Monitor Deflation Thread"   daemon [_thread_blocked, id=12872, stack(0x0000002365b00000,0x0000002365c00000) (1024K)]
  0x000001a5fcd6c020 JavaThread "C2 CompilerThread0"         daemon [_thread_blocked, id=8816, stack(0x0000002365c00000,0x0000002365d00000) (1024K)]
  0x000001a5fcd9dd30 JavaThread "C1 CompilerThread0"         daemon [_thread_in_native, id=21652, stack(0x0000002365d00000,0x0000002365e00000) (1024K)]
  0x000001a5fe803890 JavaThread "Common-Cleaner"             daemon [_thread_blocked, id=4232, stack(0x0000002365f00000,0x0000002366000000) (1024K)]
  0x000001a5fe9315b0 JavaThread "Notification Thread"        daemon [_thread_blocked, id=14528, stack(0x0000002366000000,0x0000002366100000) (1024K)]
  0x000001a5d40a4460 JavaThread "Active Thread: Equinox Container: 4816c9e1-9e1f-4276-b360-6e075c9d86cd"        [_thread_blocked, id=21260, stack(0x0000002366800000,0x0000002366900000) (1024K)]
  0x000001a5ff2137b0 JavaThread "Framework Event Dispatcher: Equinox Container: 4816c9e1-9e1f-4276-b360-6e075c9d86cd" daemon [_thread_blocked, id=22320, stack(0x0000002366900000,0x0000002366a00000) (1024K)]
  0x000001a5ff2140e0 JavaThread "Start Level: Equinox Container: 4816c9e1-9e1f-4276-b360-6e075c9d86cd" daemon [_thread_in_vm, id=21016, stack(0x0000002366a00000,0x0000002366b00000) (1024K)]
  0x000001a5fe7e26f0 JavaThread "SCR Component Actor"        daemon [_thread_blocked, id=19160, stack(0x0000002365e00000,0x0000002365f00000) (1024K)]
  0x000001a5d41a0d80 JavaThread "C2 CompilerThread1"         daemon [_thread_blocked, id=14692, stack(0x0000002366100000,0x0000002366200000) (1024K)]
=>0x000001a5d41a1420 JavaThread "C2 CompilerThread2"         daemon [_thread_in_native, id=22404, stack(0x0000002366c00000,0x0000002366d00000) (1024K)]
  0x000001a5d445ff10 JavaThread "Worker-JM"                         [_thread_blocked, id=19364, stack(0x0000002366d00000,0x0000002366e00000) (1024K)]
  0x000001a5d442fab0 JavaThread "Worker-0"                          [_thread_in_Java, id=2164, stack(0x0000002366e00000,0x0000002366f00000) (1024K)]
Total: 19

Other Threads:
  0x000001a5f53aec00 VMThread "VM Thread"                           [id=1748, stack(0x0000002365500000,0x0000002365600000) (1024K)]
  0x000001a5f5358fd0 WatcherThread "VM Periodic Task Thread"        [id=14988, stack(0x0000002365400000,0x0000002365500000) (1024K)]
  0x000001a5f530c200 WorkerThread "GC Thread#0"                     [id=17680, stack(0x0000002365300000,0x0000002365400000) (1024K)]
  0x000001a5febe9720 WorkerThread "GC Thread#1"                     [id=22368, stack(0x0000002366200000,0x0000002366300000) (1024K)]
  0x000001a5febe8150 WorkerThread "GC Thread#2"                     [id=20276, stack(0x0000002366300000,0x0000002366400000) (1024K)]
  0x000001a5febe84f0 WorkerThread "GC Thread#3"                     [id=22200, stack(0x0000002366400000,0x0000002366500000) (1024K)]
  0x000001a5febe8890 WorkerThread "GC Thread#4"                     [id=22432, stack(0x0000002366500000,0x0000002366600000) (1024K)]
  0x000001a5febe8c30 WorkerThread "GC Thread#5"                     [id=21512, stack(0x0000002366600000,0x0000002366700000) (1024K)]
  0x000001a5febe8fd0 WorkerThread "GC Thread#6"                     [id=12620, stack(0x0000002366700000,0x0000002366800000) (1024K)]
  0x000001a5ff1ee6a0 WorkerThread "GC Thread#7"                     [id=3324, stack(0x0000002366b00000,0x0000002366c00000) (1024K)]
Total: 10

Threads with active compile tasks:
C1 CompilerThread0  3068 2406       3       java.lang.invoke.MethodTypeForm::<init> (322 bytes)
C2 CompilerThread2  3068 2381       4       jdk.internal.org.objectweb.asm.Frame::execute (2305 bytes)
Total: 2

VM state: not at safepoint (normal execution)

VM Mutex/Monitor currently owned by a thread: None

Heap address: 0x0000000080000000, size: 2048 MB, Compressed Oops mode: 32-bit

CDS archive(s) mapped at: [0x000001a58f000000-0x000001a58fba0000-0x000001a58fba0000), size 12189696, SharedBaseAddress: 0x000001a58f000000, ArchiveRelocationMode: 1.
Compressed class space mapped at: 0x000001a590000000-0x000001a5d0000000, reserved size: 1073741824
Narrow klass base: 0x000001a58f000000, Narrow klass shift: 0, Narrow klass range: 0x100000000

GC Precious Log:
 CardTable entry size: 512
 CPUs: 8 total, 8 available
 Memory: 15647M
 Large Page Support: Disabled
 NUMA Support: Disabled
 Compressed Oops: Enabled (32-bit)
 Alignments: Space 512K, Generation 512K, Heap 2M
 Heap Min Capacity: 100M
 Heap Initial Capacity: 100M
 Heap Max Capacity: 2G
 Pre-touch: Disabled
 Parallel Workers: 8

Heap:
 PSYoungGen      total 29696K, used 13573K [0x00000000d5580000, 0x00000000d7680000, 0x0000000100000000)
  eden space 25600K, 37% used [0x00000000d5580000,0x00000000d5ec3d80,0x00000000d6e80000)
  from space 4096K, 99% used [0x00000000d6e80000,0x00000000d727d9d0,0x00000000d7280000)
  to   space 4096K, 0% used [0x00000000d7280000,0x00000000d7280000,0x00000000d7680000)
 ParOldGen       total 68608K, used 2799K [0x0000000080000000, 0x0000000084300000, 0x00000000d5580000)
  object space 68608K, 4% used [0x0000000080000000,0x00000000802bbde8,0x0000000084300000)
 Metaspace       used 14413K, committed 14976K, reserved 1114112K
  class space    used 1530K, committed 1792K, reserved 1048576K

Card table byte_map: [0x000001a5f4cb0000,0x000001a5f50c0000] _byte_map_base: 0x000001a5f48b0000

Marking Bits: (ParMarkBitMap*) 0x00007ff99fc82460
 Begin Bits: [0x000001a5f87a0000, 0x000001a5fa7a0000)
 End Bits:   [0x000001a5fa7a0000, 0x000001a5fc7a0000)

Polling page: 0x000001a5f31e0000

Metaspace:

Usage:
  Non-class:     12.58 MB used.
      Class:      1.49 MB used.
       Both:     14.08 MB used.

Virtual space:
  Non-class space:       64.00 MB reserved,      12.88 MB ( 20%) committed,  1 nodes.
      Class space:        1.00 GB reserved,       1.75 MB ( <1%) committed,  1 nodes.
             Both:        1.06 GB reserved,      14.62 MB (  1%) committed. 

Chunk freelists:
   Non-Class:  2.20 MB
       Class:  14.28 MB
        Both:  16.48 MB

MaxMetaspaceSize: unlimited
CompressedClassSpaceSize: 1.00 GB
Initial GC threshold: 21.00 MB
Current GC threshold: 21.00 MB
CDS: on
 - commit_granule_bytes: 65536.
 - commit_granule_words: 8192.
 - virtual_space_node_default_size: 8388608.
 - enlarge_chunks_in_place: 1.
 - use_allocation_guard: 0.


Internal statistics:

num_allocs_failed_limit: 0.
num_arena_births: 440.
num_arena_deaths: 0.
num_vsnodes_births: 2.
num_vsnodes_deaths: 0.
num_space_committed: 234.
num_space_uncommitted: 0.
num_chunks_returned_to_freelist: 0.
num_chunks_taken_from_freelist: 945.
num_chunk_merges: 0.
num_chunk_splits: 604.
num_chunks_enlarged: 378.
num_inconsistent_stats: 0.

CodeHeap 'non-profiled nmethods': size=120000Kb used=989Kb max_used=989Kb free=119011Kb
 bounds [0x000001a587ad0000, 0x000001a587d40000, 0x000001a58f000000]
CodeHeap 'profiled nmethods': size=120000Kb used=4629Kb max_used=4629Kb free=115370Kb
 bounds [0x000001a580000000, 0x000001a580490000, 0x000001a587530000]
CodeHeap 'non-nmethods': size=5760Kb used=1259Kb max_used=1277Kb free=4500Kb
 bounds [0x000001a587530000, 0x000001a5877a0000, 0x000001a587ad0000]
CodeCache: size=245760Kb, used=6877Kb, max_used=6895Kb, free=238881Kb
 total_blobs=2930, nmethods=2398, adapters=438, full_count=0
Compilation: enabled, stopped_count=0, restarted_count=0

Compilation events (20 events):
Event: 2.984 Thread 0x000001a5fcd9dd30 nmethod 2369 0x000001a58046ed10 code [0x000001a58046eec0, 0x000001a58046f058]
Event: 2.984 Thread 0x000001a5fcd9dd30 2370       3       java.util.stream.ReferencePipeline::<init> (8 bytes)
Event: 2.985 Thread 0x000001a5fcd9dd30 nmethod 2370 0x000001a58046f110 code [0x000001a58046f2c0, 0x000001a58046f3f8]
Event: 2.989 Thread 0x000001a5fcd9dd30 2372       3       jdk.internal.org.objectweb.asm.ClassWriter::toByteArray (1517 bytes)
Event: 2.998 Thread 0x000001a5fcd9dd30 nmethod 2372 0x000001a58046f490 code [0x000001a58046fe00, 0x000001a580473a20]
Event: 2.998 Thread 0x000001a5fcd9dd30 2373       3       org.eclipse.osgi.internal.weaving.WovenClassImpl::setWeavingCompleted (53 bytes)
Event: 2.998 Thread 0x000001a5fcd9dd30 nmethod 2373 0x000001a580475a10 code [0x000001a580475be0, 0x000001a580475e60]
Event: 3.000 Thread 0x000001a5fcd9dd30 2374       3       java.lang.Integer::toHexString (6 bytes)
Event: 3.000 Thread 0x000001a5fcd9dd30 nmethod 2374 0x000001a580475f10 code [0x000001a5804760c0, 0x000001a5804761e0]
Event: 3.015 Thread 0x000001a5fcd9dd30 2375       3       java.lang.CharacterData::of (136 bytes)
Event: 3.015 Thread 0x000001a5fcd9dd30 nmethod 2375 0x000001a580476290 code [0x000001a5804764e0, 0x000001a580476d70]
Event: 3.021 Thread 0x000001a5fcd9dd30 2377       3       jdk.internal.org.objectweb.asm.MethodWriter::visitLdcInsn (215 bytes)
Event: 3.023 Thread 0x000001a5fcd9dd30 nmethod 2377 0x000001a580476f90 code [0x000001a580477220, 0x000001a580477ca8]
Event: 3.029 Thread 0x000001a5d41a1420 2381       4       jdk.internal.org.objectweb.asm.Frame::execute (2305 bytes)
Event: 3.030 Thread 0x000001a5fcd9dd30 2383       3       java.lang.invoke.DirectMethodHandle::make (21 bytes)
Event: 3.030 Thread 0x000001a5fcd9dd30 nmethod 2383 0x000001a580478110 code [0x000001a5804782e0, 0x000001a5804785c8]
Event: 3.031 Thread 0x000001a5fcd9dd30 2385   !   3       java.lang.invoke.MethodHandleNatives::linkMethodHandleConstant (50 bytes)
Event: 3.032 Thread 0x000001a5fcd9dd30 nmethod 2385 0x000001a580478710 code [0x000001a5804788e0, 0x000001a580478ae8]
Event: 3.032 Thread 0x000001a5fcd9dd30 2386       3       java.lang.invoke.MethodHandles$Lookup::linkMethodHandleConstant (223 bytes)
Event: 3.034 Thread 0x000001a5fcd9dd30 nmethod 2386 0x000001a580478c90 code [0x000001a580479080, 0x000001a58047a830]

GC Heap History (6 events):
Event: 1.391 GC heap before
{Heap before GC invocations=1 (full 0):
 PSYoungGen      total 29696K, used 25600K [0x00000000d5580000, 0x00000000d7680000, 0x0000000100000000)
  eden space 25600K, 100% used [0x00000000d5580000,0x00000000d6e80000,0x00000000d6e80000)
  from space 4096K, 0% used [0x00000000d7280000,0x00000000d7280000,0x00000000d7680000)
  to   space 4096K, 0% used [0x00000000d6e80000,0x00000000d6e80000,0x00000000d7280000)
 ParOldGen       total 68608K, used 0K [0x0000000080000000, 0x0000000084300000, 0x00000000d5580000)
  object space 68608K, 0% used [0x0000000080000000,0x0000000080000000,0x0000000084300000)
 Metaspace       used 4358K, committed 4608K, reserved 1114112K
  class space    used 473K, committed 576K, reserved 1048576K
}
Event: 1.398 GC heap after
{Heap after GC invocations=1 (full 0):
 PSYoungGen      total 29696K, used 3255K [0x00000000d5580000, 0x00000000d7680000, 0x0000000100000000)
  eden space 25600K, 0% used [0x00000000d5580000,0x00000000d5580000,0x00000000d6e80000)
  from space 4096K, 79% used [0x00000000d6e80000,0x00000000d71adea8,0x00000000d7280000)
  to   space 4096K, 0% used [0x00000000d7280000,0x00000000d7280000,0x00000000d7680000)
 ParOldGen       total 68608K, used 16K [0x0000000080000000, 0x0000000084300000, 0x00000000d5580000)
  object space 68608K, 0% used [0x0000000080000000,0x0000000080004000,0x0000000084300000)
 Metaspace       used 4358K, committed 4608K, reserved 1114112K
  class space    used 473K, committed 576K, reserved 1048576K
}
Event: 2.293 GC heap before
{Heap before GC invocations=2 (full 0):
 PSYoungGen      total 29696K, used 28855K [0x00000000d5580000, 0x00000000d7680000, 0x0000000100000000)
  eden space 25600K, 100% used [0x00000000d5580000,0x00000000d6e80000,0x00000000d6e80000)
  from space 4096K, 79% used [0x00000000d6e80000,0x00000000d71adea8,0x00000000d7280000)
  to   space 4096K, 0% used [0x00000000d7280000,0x00000000d7280000,0x00000000d7680000)
 ParOldGen       total 68608K, used 16K [0x0000000080000000, 0x0000000084300000, 0x00000000d5580000)
  object space 68608K, 0% used [0x0000000080000000,0x0000000080004000,0x0000000084300000)
 Metaspace       used 8236K, committed 8512K, reserved 1114112K
  class space    used 878K, committed 1024K, reserved 1048576K
}
Event: 2.299 GC heap after
{Heap after GC invocations=2 (full 0):
 PSYoungGen      total 29696K, used 4077K [0x00000000d5580000, 0x00000000d7680000, 0x0000000100000000)
  eden space 25600K, 0% used [0x00000000d5580000,0x00000000d5580000,0x00000000d6e80000)
  from space 4096K, 99% used [0x00000000d7280000,0x00000000d767b670,0x00000000d7680000)
  to   space 4096K, 0% used [0x00000000d6e80000,0x00000000d6e80000,0x00000000d7280000)
 ParOldGen       total 68608K, used 896K [0x0000000080000000, 0x0000000084300000, 0x00000000d5580000)
  object space 68608K, 1% used [0x0000000080000000,0x00000000800e0020,0x0000000084300000)
 Metaspace       used 8236K, committed 8512K, reserved 1114112K
  class space    used 878K, committed 1024K, reserved 1048576K
}
Event: 2.795 GC heap before
{Heap before GC invocations=3 (full 0):
 PSYoungGen      total 29696K, used 29654K [0x00000000d5580000, 0x00000000d7680000, 0x0000000100000000)
  eden space 25600K, 99% used [0x00000000d5580000,0x00000000d6e7a408,0x00000000d6e80000)
  from space 4096K, 99% used [0x00000000d7280000,0x00000000d767b670,0x00000000d7680000)
  to   space 4096K, 0% used [0x00000000d6e80000,0x00000000d6e80000,0x00000000d7280000)
 ParOldGen       total 68608K, used 896K [0x0000000080000000, 0x0000000084300000, 0x00000000d5580000)
  object space 68608K, 1% used [0x0000000080000000,0x00000000800e0020,0x0000000084300000)
 Metaspace       used 13008K, committed 13504K, reserved 1114112K
  class space    used 1381K, committed 1600K, reserved 1048576K
}
Event: 2.799 GC heap after
{Heap after GC invocations=3 (full 0):
 PSYoungGen      total 29696K, used 4086K [0x00000000d5580000, 0x00000000d7680000, 0x0000000100000000)
  eden space 25600K, 0% used [0x00000000d5580000,0x00000000d5580000,0x00000000d6e80000)
  from space 4096K, 99% used [0x00000000d6e80000,0x00000000d727d9d0,0x00000000d7280000)
  to   space 4096K, 0% used [0x00000000d7280000,0x00000000d7280000,0x00000000d7680000)
 ParOldGen       total 68608K, used 2799K [0x0000000080000000, 0x0000000084300000, 0x00000000d5580000)
  object space 68608K, 4% used [0x0000000080000000,0x00000000802bbde8,0x0000000084300000)
 Metaspace       used 13008K, committed 13504K, reserved 1114112K
  class space    used 1381K, committed 1600K, reserved 1048576K
}

Dll operation events (9 events):
Event: 0.019 Loaded shared library c:\Users\ASUS\.vscode\extensions\redhat.java-1.49.0-win32-x64\jre\21.0.9-win32-x86_64\bin\java.dll
Event: 0.196 Loaded shared library c:\Users\ASUS\.vscode\extensions\redhat.java-1.49.0-win32-x64\jre\21.0.9-win32-x86_64\bin\zip.dll
Event: 0.239 Loaded shared library C:\Users\ASUS\.vscode\extensions\redhat.java-1.49.0-win32-x64\jre\21.0.9-win32-x86_64\bin\instrument.dll
Event: 0.249 Loaded shared library C:\Users\ASUS\.vscode\extensions\redhat.java-1.49.0-win32-x64\jre\21.0.9-win32-x86_64\bin\net.dll
Event: 0.254 Loaded shared library C:\Users\ASUS\.vscode\extensions\redhat.java-1.49.0-win32-x64\jre\21.0.9-win32-x86_64\bin\nio.dll
Event: 0.260 Loaded shared library C:\Users\ASUS\.vscode\extensions\redhat.java-1.49.0-win32-x64\jre\21.0.9-win32-x86_64\bin\zip.dll
Event: 0.298 Loaded shared library C:\Users\ASUS\.vscode\extensions\redhat.java-1.49.0-win32-x64\jre\21.0.9-win32-x86_64\bin\jimage.dll
Event: 0.441 Loaded shared library c:\Users\ASUS\.vscode\extensions\redhat.java-1.49.0-win32-x64\jre\21.0.9-win32-x86_64\bin\verify.dll
Event: 2.238 Loaded shared library C:\Users\ASUS\AppData\Roaming\Code\User\globalStorage\redhat.java\1.49.0\config_ss_win\org.eclipse.equinox.launcher\org.eclipse.equinox.launcher.win32.win32.x86_64_1.2.1400.v20250801-0854\eclipse_11916.dll

Deoptimization events (20 events):
Event: 2.666 Thread 0x000001a5ff2140e0 Uncommon trap: trap_request=0xffffffc6 fr.pc=0x000001a587baa61c relative=0x000000000000045c
Event: 2.666 Thread 0x000001a5ff2140e0 Uncommon trap: reason=bimorphic_or_optimized_type_check action=maybe_recompile pc=0x000001a587baa61c method=java.io.DataInputStream.readUnsignedByte()I @ 4 c2
Event: 2.666 Thread 0x000001a5ff2140e0 DEOPT PACKING pc=0x000001a587baa61c sp=0x0000002366af87e0
Event: 2.666 Thread 0x000001a5ff2140e0 DEOPT UNPACKING pc=0x000001a587583aa2 sp=0x0000002366af8728 mode 2
Event: 2.666 Thread 0x000001a5ff2140e0 Uncommon trap: trap_request=0xffffffc6 fr.pc=0x000001a587baa61c relative=0x000000000000045c
Event: 2.666 Thread 0x000001a5ff2140e0 Uncommon trap: reason=bimorphic_or_optimized_type_check action=maybe_recompile pc=0x000001a587baa61c method=java.io.DataInputStream.readUnsignedByte()I @ 4 c2
Event: 2.666 Thread 0x000001a5ff2140e0 DEOPT PACKING pc=0x000001a587baa61c sp=0x0000002366af87e0
Event: 2.666 Thread 0x000001a5ff2140e0 DEOPT UNPACKING pc=0x000001a587583aa2 sp=0x0000002366af8728 mode 2
Event: 2.666 Thread 0x000001a5ff2140e0 Uncommon trap: trap_request=0xffffffc6 fr.pc=0x000001a587baa61c relative=0x000000000000045c
Event: 2.666 Thread 0x000001a5ff2140e0 Uncommon trap: reason=bimorphic_or_optimized_type_check action=maybe_recompile pc=0x000001a587baa61c method=java.io.DataInputStream.readUnsignedByte()I @ 4 c2
Event: 2.666 Thread 0x000001a5ff2140e0 DEOPT PACKING pc=0x000001a587baa61c sp=0x0000002366af87e0
Event: 2.666 Thread 0x000001a5ff2140e0 DEOPT UNPACKING pc=0x000001a587583aa2 sp=0x0000002366af8728 mode 2
Event: 2.770 Thread 0x000001a5ff2140e0 Uncommon trap: trap_request=0xffffff45 fr.pc=0x000001a587b253d8 relative=0x0000000000000e58
Event: 2.770 Thread 0x000001a5ff2140e0 Uncommon trap: reason=unstable_if action=reinterpret pc=0x000001a587b253d8 method=lombok.patcher.PatchScript.classMatches(Ljava/lang/String;Ljava/util/Collection;)Z @ 25 c2
Event: 2.770 Thread 0x000001a5ff2140e0 DEOPT PACKING pc=0x000001a587b253d8 sp=0x0000002366af6dc0
Event: 2.770 Thread 0x000001a5ff2140e0 DEOPT UNPACKING pc=0x000001a587583aa2 sp=0x0000002366af6d80 mode 2
Event: 2.884 Thread 0x000001a5ff2140e0 Uncommon trap: trap_request=0xffffff45 fr.pc=0x000001a587b0b9f4 relative=0x0000000000000054
Event: 2.884 Thread 0x000001a5ff2140e0 Uncommon trap: reason=unstable_if action=reinterpret pc=0x000001a587b0b9f4 method=java.lang.CharacterData.of(I)Ljava/lang/CharacterData; @ 4 c2
Event: 2.884 Thread 0x000001a5ff2140e0 DEOPT PACKING pc=0x000001a587b0b9f4 sp=0x0000002366af8e20
Event: 2.884 Thread 0x000001a5ff2140e0 DEOPT UNPACKING pc=0x000001a587583aa2 sp=0x0000002366af8db8 mode 2

Classes loaded (20 events):
Event: 2.915 Loading class java/util/stream/SortedOps$OfRef
Event: 2.915 Loading class java/util/stream/ReferencePipeline$StatefulOp
Event: 2.915 Loading class java/util/stream/ReferencePipeline$StatefulOp done
Event: 2.915 Loading class java/util/stream/SortedOps$OfRef done
Event: 2.915 Loading class java/util/stream/SortedOps$RefSortingSink
Event: 2.915 Loading class java/util/stream/SortedOps$AbstractRefSortingSink
Event: 2.916 Loading class java/util/stream/SortedOps$AbstractRefSortingSink done
Event: 2.916 Loading class java/util/stream/SortedOps$RefSortingSink done
Event: 2.939 Loading class java/util/concurrent/ExecutionException
Event: 2.940 Loading class java/util/concurrent/ExecutionException done
Event: 2.940 Loading class java/util/zip/ZipOutputStream
Event: 2.940 Loading class java/util/zip/DeflaterOutputStream
Event: 2.941 Loading class java/util/zip/DeflaterOutputStream done
Event: 2.941 Loading class java/util/zip/ZipOutputStream done
Event: 2.989 Loading class java/io/FilenameFilter
Event: 2.989 Loading class java/io/FilenameFilter done
Event: 3.027 Loading class java/util/function/LongUnaryOperator
Event: 3.027 Loading class java/util/function/LongUnaryOperator done
Event: 3.028 Loading class java/lang/ThreadDeath
Event: 3.028 Loading class java/lang/ThreadDeath done

Classes unloaded (0 events):
No events

Classes redefined (0 events):
No events

Internal exceptions (20 events):
Event: 2.234 Thread 0x000001a5f52eca90 Exception <a 'java/lang/UnsatisfiedLinkError'{0x00000000d6c55c20}: 'void org.eclipse.equinox.launcher.JNIBridge._update_splash()'> (0x00000000d6c55c20) 
thrown [s\src\hotspot\share\prims\nativeLookup.cpp, line 415]
Event: 2.339 Thread 0x000001a5ff2140e0 Exception <a 'java/lang/NullPointerException'{0x00000000d5701328}> (0x00000000d5701328) 
thrown [s\src\hotspot\share\interpreter\linkResolver.cpp, line 1372]
Event: 2.339 Thread 0x000001a5ff2140e0 Exception <a 'java/lang/NullPointerException'{0x00000000d5701608}> (0x00000000d5701608) 
thrown [s\src\hotspot\share\interpreter\linkResolver.cpp, line 1372]
Event: 2.500 Thread 0x000001a5ff2140e0 Exception <a 'java/lang/NoSuchMethodError'{0x00000000d606fb68}: 'long java.lang.invoke.DirectMethodHandle$Holder.invokeSpecial(java.lang.Object, java.lang.Object)'> (0x00000000d606fb68) 
thrown [s\src\hotspot\share\interpreter\linkResolver.cpp, line 773]
Event: 2.550 Thread 0x000001a5ff2140e0 Exception <a 'java/io/FileNotFoundException'{0x00000000d6234968}> (0x00000000d6234968) 
thrown [s\src\hotspot\share\prims\jni.cpp, line 520]
Event: 2.633 Thread 0x000001a5ff2140e0 Exception <a 'java/lang/NoSuchMethodError'{0x00000000d654b940}: 'java.lang.Object java.lang.invoke.Invokers$Holder.linkToTargetMethod(java.lang.Object, long, java.lang.Object)'> (0x00000000d654b940) 
thrown [s\src\hotspot\share\interpreter\linkResolver.cpp, line 773]
Event: 2.690 Thread 0x000001a5ff2140e0 Exception <a 'java/lang/NoSuchMethodError'{0x00000000d68ebae8}: 'void java.lang.invoke.DirectMethodHandle$Holder.invokeInterface(java.lang.Object, java.lang.Object, java.lang.Object)'> (0x00000000d68ebae8) 
thrown [s\src\hotspot\share\interpreter\linkResolver.cpp, line 773]
Event: 2.718 Thread 0x000001a5ff2140e0 Exception <a 'java/lang/NoSuchMethodError'{0x00000000d6afd630}: 'void java.lang.invoke.Invokers$Holder.invokeExact_MT(java.lang.Object, java.lang.Object, java.lang.Object)'> (0x00000000d6afd630) 
thrown [s\src\hotspot\share\interpreter\linkResolver.cpp, line 773]
Event: 2.784 Thread 0x000001a5ff2140e0 Exception <a 'java/lang/NoSuchMethodError'{0x00000000d6dcb620}: 'java.lang.Object java.lang.invoke.DirectMethodHandle$Holder.invokeVirtual(java.lang.Object, java.lang.Object, java.lang.Object)'> (0x00000000d6dcb620) 
thrown [s\src\hotspot\share\interpreter\linkResolver.cpp, line 773]
Event: 2.786 Thread 0x000001a5ff2140e0 Exception <a 'java/lang/NoSuchMethodError'{0x00000000d6de3c08}: 'java.lang.Object java.lang.invoke.DelegatingMethodHandle$Holder.reinvoke_L(java.lang.Object, java.lang.Object, java.lang.Object, java.lang.Object, int, int)'> (0x00000000d6de3c08) 
thrown [s\src\hotspot\share\interpreter\linkResolver.cpp, line 773]
Event: 2.789 Thread 0x000001a5ff2140e0 Exception <a 'java/lang/NoSuchMethodError'{0x00000000d6e00b48}: 'java.lang.Object java.lang.invoke.DirectMethodHandle$Holder.newInvokeSpecial(java.lang.Object, java.lang.Object, java.lang.Object, java.lang.Object, java.lang.Object, java.lang.Object)'> (0x00000000d6e00b48) 
thrown [s\src\hotspot\share\interpreter\linkResolver.cpp, line 773]
Event: 2.793 Thread 0x000001a5ff2140e0 Exception <a 'java/lang/NoSuchMethodError'{0x00000000d6e2d798}: 'void java.lang.invoke.Invokers$Holder.invokeExact_MT(java.lang.Object, java.lang.Object, java.lang.Object, java.lang.Object)'> (0x00000000d6e2d798) 
thrown [s\src\hotspot\share\interpreter\linkResolver.cpp, line 773]
Event: 2.836 Thread 0x000001a5ff2140e0 Exception <a 'java/io/FileNotFoundException'{0x00000000d56f3088}> (0x00000000d56f3088) 
thrown [s\src\hotspot\share\prims\jni.cpp, line 520]
Event: 2.839 Thread 0x000001a5ff2140e0 Exception <a 'java/io/FileNotFoundException'{0x00000000d56fa5e0}> (0x00000000d56fa5e0) 
thrown [s\src\hotspot\share\prims\jni.cpp, line 520]
Event: 2.987 Thread 0x000001a5ff2140e0 Exception <a 'java/lang/NoSuchMethodError'{0x00000000d5c82f10}: 'java.lang.Object java.lang.invoke.DirectMethodHandle$Holder.newInvokeSpecial(java.lang.Object, java.lang.Object, java.lang.Object, java.lang.Object, java.lang.Object)'> (0x00000000d5c82f10) 
thrown [s\src\hotspot\share\interpreter\linkResolver.cpp, line 773]
Event: 3.021 Thread 0x000001a5ff2140e0 Exception <a 'java/lang/NoSuchMethodError'{0x00000000d5d62d40}: 'java.lang.Object java.lang.invoke.DirectMethodHandle$Holder.invokeSpecial(java.lang.Object, java.lang.Object, java.lang.Object, long, java.lang.Object)'> (0x00000000d5d62d40) 
thrown [s\src\hotspot\share\interpreter\linkResolver.cpp, line 773]
Event: 3.022 Thread 0x000001a5ff2140e0 Exception <a 'java/lang/NoSuchMethodError'{0x00000000d5d6a588}: 'java.lang.Object java.lang.invoke.DirectMethodHandle$Holder.newInvokeSpecial(java.lang.Object, java.lang.Object, java.lang.Object, long)'> (0x00000000d5d6a588) 
thrown [s\src\hotspot\share\interpreter\linkResolver.cpp, line 773]
Event: 3.025 Thread 0x000001a5ff2140e0 Exception <a 'java/lang/NoSuchMethodError'{0x00000000d5d6e938}: 'java.lang.Object java.lang.invoke.DirectMethodHandle$Holder.invokeSpecial(java.lang.Object, java.lang.Object, java.lang.Object, java.lang.Object, long)'> (0x00000000d5d6e938) 
thrown [s\src\hotspot\share\interpreter\linkResolver.cpp, line 773]
Event: 3.025 Thread 0x000001a5ff2140e0 Exception <a 'java/lang/NoSuchMethodError'{0x00000000d5d72558}: 'java.lang.Object java.lang.invoke.Invokers$Holder.linkToTargetMethod(java.lang.Object, java.lang.Object, long, java.lang.Object)'> (0x00000000d5d72558) 
thrown [s\src\hotspot\share\interpreter\linkResolver.cpp, line 773]
Event: 3.039 Thread 0x000001a5ff2140e0 Exception <a 'java/lang/NoSuchMethodError'{0x00000000d5de4ae8}: 'int java.lang.invoke.DirectMethodHandle$Holder.invokeStaticInit(java.lang.Object, java.lang.Object, java.lang.Object)'> (0x00000000d5de4ae8) 
thrown [s\src\hotspot\share\interpreter\linkResolver.cpp, line 773]

ZGC Phase Switch (0 events):
No events

VM Operations (20 events):
Event: 2.033 Executing VM operation: HandshakeAllThreads (Deoptimize)
Event: 2.033 Executing VM operation: HandshakeAllThreads (Deoptimize) done
Event: 2.045 Executing VM operation: HandshakeAllThreads (Deoptimize)
Event: 2.045 Executing VM operation: HandshakeAllThreads (Deoptimize) done
Event: 2.149 Executing VM operation: ICBufferFull
Event: 2.150 Executing VM operation: ICBufferFull done
Event: 2.293 Executing VM operation: ParallelGCFailedAllocation (Allocation Failure)
Event: 2.299 Executing VM operation: ParallelGCFailedAllocation (Allocation Failure) done
Event: 2.430 Executing VM operation: HandshakeAllThreads (Deoptimize)
Event: 2.430 Executing VM operation: HandshakeAllThreads (Deoptimize) done
Event: 2.666 Executing VM operation: HandshakeAllThreads (Deoptimize)
Event: 2.666 Executing VM operation: HandshakeAllThreads (Deoptimize) done
Event: 2.795 Executing VM operation: ParallelGCFailedAllocation (Allocation Failure)
Event: 2.799 Executing VM operation: ParallelGCFailedAllocation (Allocation Failure) done
Event: 2.861 Executing VM operation: HandshakeAllThreads (Deoptimize)
Event: 2.862 Executing VM operation: HandshakeAllThreads (Deoptimize) done
Event: 2.866 Executing VM operation: HandshakeAllThreads (Deoptimize)
Event: 2.866 Executing VM operation: HandshakeAllThreads (Deoptimize) done
Event: 2.886 Executing VM operation: HandshakeAllThreads (Deoptimize)
Event: 2.886 Executing VM operation: HandshakeAllThreads (Deoptimize) done

Memory protections (0 events):
No events

Nmethod flushes (0 events):
No events

Events (20 events):
Event: 0.107 Thread 0x000001a5f52eca90 Thread added: 0x000001a5fcd65760
Event: 0.107 Thread 0x000001a5f52eca90 Thread added: 0x000001a5fcd66670
Event: 0.107 Thread 0x000001a5f52eca90 Thread added: 0x000001a5fcd67580
Event: 0.108 Thread 0x000001a5f52eca90 Thread added: 0x000001a5fcd691e0
Event: 0.108 Thread 0x000001a5f52eca90 Thread added: 0x000001a5fcd6c020
Event: 0.117 Thread 0x000001a5f52eca90 Thread added: 0x000001a5fcd9dd30
Event: 0.212 Thread 0x000001a5fcd9dd30 Thread added: 0x000001a5fe7c8860
Event: 0.243 Thread 0x000001a5f52eca90 Thread added: 0x000001a5fe803890
Event: 0.580 Thread 0x000001a5f52eca90 Thread added: 0x000001a5fe9315b0
Event: 0.810 Thread 0x000001a5fcd9dd30 Thread added: 0x000001a5feb04480
Event: 1.965 Thread 0x000001a5f52eca90 Thread added: 0x000001a5d40a4460
Event: 2.222 Thread 0x000001a5f52eca90 Thread added: 0x000001a5ff2137b0
Event: 2.231 Thread 0x000001a5f52eca90 Thread added: 0x000001a5ff2140e0
Event: 2.322 Thread 0x000001a5feb04480 Thread exited: 0x000001a5feb04480
Event: 2.391 Thread 0x000001a5fe7c8860 Thread exited: 0x000001a5fe7c8860
Event: 2.419 Thread 0x000001a5ff2140e0 Thread added: 0x000001a5fe7e26f0
Event: 2.510 Thread 0x000001a5fcd9dd30 Thread added: 0x000001a5d41a0d80
Event: 2.510 Thread 0x000001a5fcd9dd30 Thread added: 0x000001a5d41a1420
Event: 2.696 Thread 0x000001a5ff2140e0 Thread added: 0x000001a5d445ff10
Event: 3.031 Thread 0x000001a5ff2140e0 Thread added: 0x000001a5d442fab0


Dynamic libraries:
0x00007ff7e7980000 - 0x00007ff7e798e000 	c:\Users\ASUS\.vscode\extensions\redhat.java-1.49.0-win32-x64\jre\21.0.9-win32-x86_64\bin\java.exe
0x00007ffa5f510000 - 0x00007ffa5f728000 	C:\Windows\SYSTEM32\ntdll.dll
0x00007ffa5def0000 - 0x00007ffa5dfb4000 	C:\Windows\System32\KERNEL32.DLL
0x00007ffa5cd50000 - 0x00007ffa5d123000 	C:\Windows\System32\KERNELBASE.dll
0x00007ffa5c610000 - 0x00007ffa5c721000 	C:\Windows\System32\ucrtbase.dll
0x00007ffa38b70000 - 0x00007ffa38b8e000 	c:\Users\ASUS\.vscode\extensions\redhat.java-1.49.0-win32-x64\jre\21.0.9-win32-x86_64\bin\VCRUNTIME140.dll
0x00007ffa34660000 - 0x00007ffa34678000 	c:\Users\ASUS\.vscode\extensions\redhat.java-1.49.0-win32-x64\jre\21.0.9-win32-x86_64\bin\jli.dll
0x00007ffa5f2e0000 - 0x00007ffa5f492000 	C:\Windows\System32\USER32.dll
0x00007ffa5cbd0000 - 0x00007ffa5cbf6000 	C:\Windows\System32\win32u.dll
0x00007ffa4e990000 - 0x00007ffa4ec2c000 	C:\Windows\WinSxS\amd64_microsoft.windows.common-controls_6595b64144ccf1df_6.0.22621.6060_none_2712eda17382d24b\COMCTL32.dll
0x00007ffa5f4a0000 - 0x00007ffa5f4c9000 	C:\Windows\System32\GDI32.dll
0x00007ffa5c8a0000 - 0x00007ffa5c9c3000 	C:\Windows\System32\gdi32full.dll
0x00007ffa5d540000 - 0x00007ffa5d5e7000 	C:\Windows\System32\msvcrt.dll
0x00007ffa5cc30000 - 0x00007ffa5ccca000 	C:\Windows\System32\msvcp_win.dll
0x00007ffa5dd80000 - 0x00007ffa5ddb1000 	C:\Windows\System32\IMM32.DLL
0x00007ffa49ad0000 - 0x00007ffa49adc000 	c:\Users\ASUS\.vscode\extensions\redhat.java-1.49.0-win32-x64\jre\21.0.9-win32-x86_64\bin\vcruntime140_1.dll
0x00007ff9f9590000 - 0x00007ff9f961d000 	c:\Users\ASUS\.vscode\extensions\redhat.java-1.49.0-win32-x64\jre\21.0.9-win32-x86_64\bin\msvcp140.dll
0x00007ff99efc0000 - 0x00007ff99fd60000 	c:\Users\ASUS\.vscode\extensions\redhat.java-1.49.0-win32-x64\jre\21.0.9-win32-x86_64\bin\server\jvm.dll
0x00007ffa5e6b0000 - 0x00007ffa5e761000 	C:\Windows\System32\ADVAPI32.dll
0x00007ffa5d490000 - 0x00007ffa5d538000 	C:\Windows\System32\sechost.dll
0x00007ffa5cc00000 - 0x00007ffa5cc28000 	C:\Windows\System32\bcrypt.dll
0x00007ffa5e590000 - 0x00007ffa5e6a8000 	C:\Windows\System32\RPCRT4.dll
0x00007ffa5d410000 - 0x00007ffa5d481000 	C:\Windows\System32\WS2_32.dll
0x00007ffa5be60000 - 0x00007ffa5bead000 	C:\Windows\SYSTEM32\POWRPROF.dll
0x00007ffa570a0000 - 0x00007ffa570d4000 	C:\Windows\SYSTEM32\WINMM.dll
0x00007ffa50d90000 - 0x00007ffa50d9a000 	C:\Windows\SYSTEM32\VERSION.dll
0x00007ffa5be40000 - 0x00007ffa5be53000 	C:\Windows\SYSTEM32\UMPDC.dll
0x00007ffa5b5c0000 - 0x00007ffa5b5d8000 	C:\Windows\SYSTEM32\kernel.appcore.dll
0x00007ffa3eb80000 - 0x00007ffa3eb8a000 	c:\Users\ASUS\.vscode\extensions\redhat.java-1.49.0-win32-x64\jre\21.0.9-win32-x86_64\bin\jimage.dll
0x00007ffa5a080000 - 0x00007ffa5a2b3000 	C:\Windows\SYSTEM32\DBGHELP.DLL
0x00007ffa5e180000 - 0x00007ffa5e512000 	C:\Windows\System32\combase.dll
0x00007ffa5d330000 - 0x00007ffa5d408000 	C:\Windows\System32\OLEAUT32.dll
0x00007ffa4d510000 - 0x00007ffa4d542000 	C:\Windows\SYSTEM32\dbgcore.DLL
0x00007ffa5d130000 - 0x00007ffa5d1ab000 	C:\Windows\System32\bcryptPrimitives.dll
0x00007ffa4c0e0000 - 0x00007ffa4c0ef000 	c:\Users\ASUS\.vscode\extensions\redhat.java-1.49.0-win32-x64\jre\21.0.9-win32-x86_64\bin\instrument.dll
0x00007ffa321a0000 - 0x00007ffa321c0000 	c:\Users\ASUS\.vscode\extensions\redhat.java-1.49.0-win32-x64\jre\21.0.9-win32-x86_64\bin\java.dll
0x00007ffa5e7c0000 - 0x00007ffa5f05e000 	C:\Windows\System32\SHELL32.dll
0x00007ffa5ca90000 - 0x00007ffa5cbcf000 	C:\Windows\System32\wintypes.dll
0x00007ffa5a4a0000 - 0x00007ffa5adb8000 	C:\Windows\SYSTEM32\windows.storage.dll
0x00007ffa5e050000 - 0x00007ffa5e154000 	C:\Windows\System32\SHCORE.dll
0x00007ffa5f210000 - 0x00007ffa5f279000 	C:\Windows\System32\shlwapi.dll
0x00007ffa5c540000 - 0x00007ffa5c565000 	C:\Windows\SYSTEM32\profapi.dll
0x00007ffa31140000 - 0x00007ffa31158000 	c:\Users\ASUS\.vscode\extensions\redhat.java-1.49.0-win32-x64\jre\21.0.9-win32-x86_64\bin\zip.dll
0x00007ffa3abb0000 - 0x00007ffa3abc0000 	C:\Users\ASUS\.vscode\extensions\redhat.java-1.49.0-win32-x64\jre\21.0.9-win32-x86_64\bin\net.dll
0x00007ffa58510000 - 0x00007ffa5863c000 	C:\Windows\SYSTEM32\WINHTTP.dll
0x00007ffa5bac0000 - 0x00007ffa5bb29000 	C:\Windows\system32\mswsock.dll
0x00007ffa2ecc0000 - 0x00007ffa2ecd6000 	C:\Users\ASUS\.vscode\extensions\redhat.java-1.49.0-win32-x64\jre\21.0.9-win32-x86_64\bin\nio.dll
0x00007ffa4c090000 - 0x00007ffa4c0a0000 	c:\Users\ASUS\.vscode\extensions\redhat.java-1.49.0-win32-x64\jre\21.0.9-win32-x86_64\bin\verify.dll
0x00007ffa3a2f0000 - 0x00007ffa3a334000 	C:\Users\ASUS\AppData\Roaming\Code\User\globalStorage\redhat.java\1.49.0\config_ss_win\org.eclipse.equinox.launcher\org.eclipse.equinox.launcher.win32.win32.x86_64_1.2.1400.v20250801-0854\eclipse_11916.dll
0x00007ffa5f070000 - 0x00007ffa5f210000 	C:\Windows\System32\ole32.dll

JVMTI agents:
c:\Users\ASUS\.vscode\extensions\redhat.java-1.49.0-win32-x64\lombok\lombok-1.18.39-4050.jar path:c:\Users\ASUS\.vscode\extensions\redhat.java-1.49.0-win32-x64\jre\21.0.9-win32-x86_64\bin\instrument.dll, loaded, initialized, instrumentlib options:none

dbghelp: loaded successfully - version: 4.0.5 - missing functions: none
symbol engine: initialized successfully - sym options: 0x614 - pdb path: .;c:\Users\ASUS\.vscode\extensions\redhat.java-1.49.0-win32-x64\jre\21.0.9-win32-x86_64\bin;C:\Windows\SYSTEM32;C:\Windows\WinSxS\amd64_microsoft.windows.common-controls_6595b64144ccf1df_6.0.22621.6060_none_2712eda17382d24b;c:\Users\ASUS\.vscode\extensions\redhat.java-1.49.0-win32-x64\jre\21.0.9-win32-x86_64\bin\server;C:\Users\ASUS\AppData\Roaming\Code\User\globalStorage\redhat.java\1.49.0\config_ss_win\org.eclipse.equinox.launcher\org.eclipse.equinox.launcher.win32.win32.x86_64_1.2.1400.v20250801-0854

VM Arguments:
jvm_args: --add-modules=ALL-SYSTEM --add-opens=java.base/java.util=ALL-UNNAMED --add-opens=java.base/java.lang=ALL-UNNAMED --add-opens=java.base/sun.nio.fs=ALL-UNNAMED -Declipse.application=org.eclipse.jdt.ls.core.id1 -Dosgi.bundles.defaultStartLevel=4 -Declipse.product=org.eclipse.jdt.ls.core.product -Djava.import.generatesMetadataFilesAtProjectRoot=false -DDetectVMInstallationsJob.disabled=true -Dfile.encoding=utf8 -XX:+UseParallelGC -XX:GCTimeRatio=4 -XX:AdaptiveSizePolicyWeight=90 -Dsun.zip.disableMemoryMapping=true -Xmx2G -Xms100m -Xlog:disable -javaagent:c:\Users\ASUS\.vscode\extensions\redhat.java-1.49.0-win32-x64\lombok\lombok-1.18.39-4050.jar 
java_command: c:\Users\ASUS\.vscode\extensions\redhat.java-1.49.0-win32-x64\server\plugins\org.eclipse.equinox.launcher_1.7.100.v20251111-0406.jar -configuration c:\Users\ASUS\AppData\Roaming\Code\User\globalStorage\redhat.java\1.49.0\config_ss_win -data c:\Users\ASUS\AppData\Roaming\Code\User\workspaceStorage\6295893cbf97c814c47530ac49e64bfc\redhat.java\ss_ws --pipe=\\.\pipe\lsp-14a17bd63a85db7665c66b0dc201b588-sock
java_class_path (initial): c:\Users\ASUS\.vscode\extensions\redhat.java-1.49.0-win32-x64\server\plugins\org.eclipse.equinox.launcher_1.7.100.v20251111-0406.jar
Launcher Type: SUN_STANDARD

[Global flags]
    uintx AdaptiveSizePolicyWeight                 = 90                                        {product} {command line}
     intx CICompilerCount                          = 4                                         {product} {ergonomic}
    uintx GCTimeRatio                              = 4                                         {product} {command line}
   size_t InitialHeapSize                          = 104857600                                 {product} {command line}
   size_t MaxHeapSize                              = 2147483648                                {product} {command line}
   size_t MaxNewSize                               = 715653120                                 {product} {ergonomic}
   size_t MinHeapDeltaBytes                        = 524288                                    {product} {ergonomic}
   size_t MinHeapSize                              = 104857600                                 {product} {command line}
   size_t NewSize                                  = 34603008                                  {product} {ergonomic}
    uintx NonNMethodCodeHeapSize                   = 5839372                                {pd product} {ergonomic}
    uintx NonProfiledCodeHeapSize                  = 122909434                              {pd product} {ergonomic}
   size_t OldSize                                  = 70254592                                  {product} {ergonomic}
    uintx ProfiledCodeHeapSize                     = 122909434                              {pd product} {ergonomic}
    uintx ReservedCodeCacheSize                    = 251658240                              {pd product} {ergonomic}
     bool SegmentedCodeCache                       = true                                      {product} {ergonomic}
   size_t SoftMaxHeapSize                          = 2147483648                             {manageable} {ergonomic}
     bool UseCompressedOops                        = true                           {product lp64_product} {ergonomic}
     bool UseLargePagesIndividualAllocation        = false                                  {pd product} {ergonomic}
     bool UseParallelGC                            = true                                      {product} {command line}

Logging:
Log output configuration:
 #0: stdout all=off uptime,level,tags foldmultilines=false
 #1: stderr all=off uptime,level,tags foldmultilines=false

Release file:
JAVA_VERSION="21.0.9" 
MODULES="java.base java.compiler java.datatransfer java.xml java.prefs java.desktop java.instrument java.logging java.management java.security.sasl java.naming java.rmi java.management.rmi java.net.http java.scripting java.security.jgss java.transaction.xa java.sql java.sql.rowset java.xml.crypto java.se java.smartcardio jdk.accessibility jdk.internal.jvmstat jdk.attach jdk.charsets jdk.internal.opt jdk.zipfs jdk.compiler jdk.crypto.ec jdk.crypto.cryptoki jdk.crypto.mscapi jdk.dynalink jdk.internal.ed jdk.editpad jdk.hotspot.agent jdk.httpserver jdk.internal.le jdk.internal.vm.ci jdk.internal.vm.compiler jdk.internal.vm.compiler.management jdk.jartool jdk.javadoc jdk.jcmd jdk.management jdk.management.agent jdk.jconsole jdk.jdeps jdk.jdwp.agent jdk.jdi jdk.jfr jdk.jshell jdk.jsobject jdk.jstatd jdk.localedata jdk.management.jfr jdk.naming.dns jdk.naming.rmi jdk.net jdk.nio.mapmode jdk.random jdk.sctp jdk.security.auth jdk.security.jgss jdk.unsupported jdk.unsupported.desktop jdk.xml.dom" 

Environment Variables:
PATH=C:\Program Files\Eclipse Adoptium\jre-8.0.452.9-hotspot\bin;C:\Program Files\Eclipse Adoptium\jdk-8.0.452.9-hotspot\bin;C:\oraclexe\app\oracle\product\10.2.0\server\bin;D:\VMWare\bin\;C:\Program Files\Common Files\Oracle\Java\javapath;C:\Program Files (x86)\Common Files\Oracle\Java\java8path;C:\Program Files (x86)\Common Files\Oracle\Java\javapath;C:\Windows\system32;C:\Windows;C:\Windows\System32\Wbem;C:\Windows\System32\WindowsPowerShell\v1.0\;C:\Windows\System32\OpenSSH\;C:\Program Files\dotnet\;C:\Program Files (x86)\MAVProxy;C:\Program Files\CMake\bin;C:\Program Files\Git\cmd;D:\MATHLAABB\runtime\win64;D:\MATHLAABB\bin;C:\Program Files\PuTTY\;C:\Program Files\nodejs\;C:\Users\ASUS\AppData\Local\Programs\Python\Python312\Scripts\;C:\Users\ASUS\AppData\Local\Programs\Python\Python312\;C:\Users\ASUS\AppData\Local\Microsoft\WindowsApps;C:\Users\ASUS\AppData\Local\Programs\Microsoft VS Code\bin;C:\msys64\ucrt64\bin;C:\Users\ASUS\.dotnet\tools;C:\LUA2\bin;C:\Users\ASUS\AppData\Local\GitHubDesktop\bin;C:\apache-maven-3.9.10\bin;C:\xampp\php;C:\Users\ASUS\AppData\Local\ComposerSetup\bin;C:\Users\ASUS\AppData\Roaming\Composer\vendor\bin;C:\Users\ASUS\AppData\Roaming\npm
USERNAME=ASUS
OS=Windows_NT
PROCESSOR_IDENTIFIER=AMD64 Family 23 Model 160 Stepping 0, AuthenticAMD
TMP=C:\Users\ASUS\AppData\Local\Temp
TEMP=C:\Users\ASUS\AppData\Local\Temp




Periodic native trim disabled

---------------  S Y S T E M  ---------------

OS:
 Windows 11 , 64 bit Build 22621 (10.0.22621.5415)
OS uptime: 0 days 4:53 hours
Hyper-V role detected

CPU: total 8 (initial active 8) (8 cores per cpu, 2 threads per core) family 23 model 160 stepping 0 microcode 0x0, cx8, cmov, fxsr, ht, mmx, 3dnowpref, sse, sse2, sse3, ssse3, sse4a, sse4.1, sse4.2, popcnt, lzcnt, tsc, tscinvbit, avx, avx2, aes, clmul, bmi1, bmi2, adx, sha, fma, vzeroupper, clflush, clflushopt, hv, rdtscp, rdpid, f16c
Processor Information for the first 8 processors :
  Max Mhz: 2801, Current Mhz: 2801, Mhz Limit: 2801

Memory: 4k page, system-wide physical 15647M (4197M free)
TotalPageFile size 15647M (AvailPageFile size 6M)
current process WorkingSet (physical memory assigned to process): 110M, peak: 110M
current process commit charge ("private bytes"): 253M, peak: 254M

vm_info: OpenJDK 64-Bit Server VM (21.0.9+10-LTS) for windows-amd64 JRE (21.0.9+10-LTS), built on 2025-10-21T00:00:00Z by "admin" with unknown MS VC++:1942

END.
