#
# There is insufficient memory for the Java Runtime Environment to continue.
# Native memory allocation (malloc) failed to allocate 332016 bytes. Error detail: Chunk::new
# Possible reasons:
#   The system is out of physical RAM or swap space
#   This process is running with CompressedOops enabled, and the Java Heap may be blocking the growth of the native heap
# Possible solutions:
#   Reduce memory load on the system
#   Increase physical memory or swap space
#   Check if swap backing store is full
#   Decrease Java heap size (-Xmx/-Xms)
#   Decrease number of Java threads
#   Decrease Java thread stack sizes (-Xss)
#   Set larger code cache with -XX:ReservedCodeCacheSize=
#   JVM is running with Unscaled Compressed Oops mode in which the Java heap is
#     placed in the first 4GB address space. The Java Heap base address is the
#     maximum limit for the native heap growth. Please use -XX:HeapBaseMinAddress
#     to set the Java Heap base and to place the Java Heap above 4GB virtual address.
# This output file may be truncated or incomplete.
#
#  Out of Memory Error (arena.cpp:168), pid=24356, tid=23256
#
# JRE version: OpenJDK Runtime Environment Temurin-21.0.9+10 (21.0.9+10) (build 21.0.9+10-LTS)
# Java VM: OpenJDK 64-Bit Server VM Temurin-21.0.9+10 (21.0.9+10-LTS, mixed mode, sharing, tiered, compressed oops, compressed class ptrs, parallel gc, windows-amd64)
# No core dump will be written. Minidumps are not enabled by default on client versions of Windows
#

---------------  S U M M A R Y ------------

Command Line: --add-modules=ALL-SYSTEM --add-opens=java.base/java.util=ALL-UNNAMED --add-opens=java.base/java.lang=ALL-UNNAMED --add-opens=java.base/sun.nio.fs=ALL-UNNAMED -Declipse.application=org.eclipse.jdt.ls.core.id1 -Dosgi.bundles.defaultStartLevel=4 -Declipse.product=org.eclipse.jdt.ls.core.product -Djava.import.generatesMetadataFilesAtProjectRoot=false -DDetectVMInstallationsJob.disabled=true -Dfile.encoding=utf8 -XX:+UseParallelGC -XX:GCTimeRatio=4 -XX:AdaptiveSizePolicyWeight=90 -Dsun.zip.disableMemoryMapping=true -Xmx2G -Xms100m -Xlog:disable -javaagent:c:\Users\ASUS\.vscode\extensions\redhat.java-1.49.0-win32-x64\lombok\lombok-1.18.39-4050.jar -XX:+HeapDumpOnOutOfMemoryError -XX:HeapDumpPath=c:\Users\ASUS\AppData\Roaming\Code\User\workspaceStorage\6295893cbf97c814c47530ac49e64bfc\redhat.java -Daether.dependencyCollector.impl=bf c:\Users\ASUS\.vscode\extensions\redhat.java-1.49.0-win32-x64\server\plugins\org.eclipse.equinox.launcher_1.7.100.v20251111-0406.jar -configuration c:\Users\ASUS\AppData\Roaming\Code\User\globalStorage\redhat.java\1.49.0\config_win -data c:\Users\ASUS\AppData\Roaming\Code\User\workspaceStorage\6295893cbf97c814c47530ac49e64bfc\redhat.java\jdt_ws --pipe=\\.\pipe\lsp-8dc577e7f89e1ff0662f830ac0054ae3-sock

Host: AMD Ryzen 5 7520U with Radeon Graphics         , 8 cores, 15G,  Windows 11 , 64 bit Build 22621 (10.0.22621.5415)
Time: Thu Nov 20 18:18:33 2025 SE Asia Standard Time elapsed time: 2.999950 seconds (0d 0h 0m 2s)

---------------  T H R E A D  ---------------

Current thread (0x0000020aff7bead0):  JavaThread "C2 CompilerThread1" daemon [_thread_in_native, id=23256, stack(0x000000634dd00000,0x000000634de00000) (1024K)]


Current CompileTask:
C2:3000 1814 %     4       org.eclipse.osgi.util.ManifestElement::readLine @ 0 (122 bytes)

Stack: [0x000000634dd00000,0x000000634de00000]
Native frames: (J=compiled Java code, j=interpreted, Vv=VM code, C=native code)
V  [jvm.dll+0x6d6e29]
V  [jvm.dll+0x8b4b76]
V  [jvm.dll+0x8b712e]
V  [jvm.dll+0x8b7813]
V  [jvm.dll+0x283d86]
V  [jvm.dll+0xc66ed]
V  [jvm.dll+0xc6c31]
V  [jvm.dll+0x3be501]
V  [jvm.dll+0x1e3b52]
V  [jvm.dll+0x24c0f3]
V  [jvm.dll+0x24b580]
V  [jvm.dll+0x1cb13e]
V  [jvm.dll+0x25b29d]
V  [jvm.dll+0x25982a]
V  [jvm.dll+0x3f7ea6]
V  [jvm.dll+0x85e9ad]
V  [jvm.dll+0x6d565d]
C  [ucrtbase.dll+0x29333]
C  [KERNEL32.DLL+0x1259d]
C  [ntdll.dll+0x5af78]


---------------  P R O C E S S  ---------------

Threads class SMR info:
_java_thread_list=0x0000020aff7bf280, length=21, elements={
0x0000020ae25bcd90, 0x0000020af902eae0, 0x0000020af9030340, 0x0000020af90325f0,
0x0000020af9033500, 0x0000020af90352c0, 0x0000020af9035f10, 0x0000020af9039790,
0x0000020afa8f8850, 0x0000020afaaecba0, 0x0000020afabfacd0, 0x0000020aff66e9a0,
0x0000020aff66f000, 0x0000020aff6248c0, 0x0000020aff624f20, 0x0000020aff625580,
0x0000020aff625be0, 0x0000020aff62b320, 0x0000020aff7e0f80, 0x0000020ac10835a0,
0x0000020aff7bead0
}

Java Threads: ( => current thread )
  0x0000020ae25bcd90 JavaThread "main"                              [_thread_in_Java, id=18600, stack(0x000000634c000000,0x000000634c100000) (1024K)]
  0x0000020af902eae0 JavaThread "Reference Handler"          daemon [_thread_blocked, id=24408, stack(0x000000634c400000,0x000000634c500000) (1024K)]
  0x0000020af9030340 JavaThread "Finalizer"                  daemon [_thread_blocked, id=14776, stack(0x000000634c500000,0x000000634c600000) (1024K)]
  0x0000020af90325f0 JavaThread "Signal Dispatcher"          daemon [_thread_blocked, id=3788, stack(0x000000634c600000,0x000000634c700000) (1024K)]
  0x0000020af9033500 JavaThread "Attach Listener"            daemon [_thread_blocked, id=24296, stack(0x000000634c700000,0x000000634c800000) (1024K)]
  0x0000020af90352c0 JavaThread "Service Thread"             daemon [_thread_blocked, id=10168, stack(0x000000634c800000,0x000000634c900000) (1024K)]
  0x0000020af9035f10 JavaThread "Monitor Deflation Thread"   daemon [_thread_blocked, id=21352, stack(0x000000634c900000,0x000000634ca00000) (1024K)]
  0x0000020af9039790 JavaThread "C2 CompilerThread0"         daemon [_thread_blocked, id=24160, stack(0x000000634ca00000,0x000000634cb00000) (1024K)]
  0x0000020afa8f8850 JavaThread "C1 CompilerThread0"         daemon [_thread_blocked, id=2936, stack(0x000000634cb00000,0x000000634cc00000) (1024K)]
  0x0000020afaaecba0 JavaThread "Common-Cleaner"             daemon [_thread_blocked, id=19044, stack(0x000000634cc00000,0x000000634cd00000) (1024K)]
  0x0000020afabfacd0 JavaThread "Notification Thread"        daemon [_thread_blocked, id=23384, stack(0x000000634cd00000,0x000000634ce00000) (1024K)]
  0x0000020aff66e9a0 JavaThread "Equinox resolver thread - Equinox Container: 20c72b4d-a13e-4413-9b3e-db255183790f" daemon [_thread_blocked, id=13436, stack(0x000000634d600000,0x000000634d700000) (1024K)]
  0x0000020aff66f000 JavaThread "Equinox resolver thread - Equinox Container: 20c72b4d-a13e-4413-9b3e-db255183790f" daemon [_thread_blocked, id=7564, stack(0x000000634d700000,0x000000634d800000) (1024K)]
  0x0000020aff6248c0 JavaThread "Equinox resolver thread - Equinox Container: 20c72b4d-a13e-4413-9b3e-db255183790f" daemon [_thread_blocked, id=13220, stack(0x000000634d800000,0x000000634d900000) (1024K)]
  0x0000020aff624f20 JavaThread "Equinox resolver thread - Equinox Container: 20c72b4d-a13e-4413-9b3e-db255183790f" daemon [_thread_blocked, id=4328, stack(0x000000634d900000,0x000000634da00000) (1024K)]
  0x0000020aff625580 JavaThread "Equinox resolver thread - Equinox Container: 20c72b4d-a13e-4413-9b3e-db255183790f" daemon [_thread_blocked, id=9284, stack(0x000000634da00000,0x000000634db00000) (1024K)]
  0x0000020aff625be0 JavaThread "Equinox resolver thread - Equinox Container: 20c72b4d-a13e-4413-9b3e-db255183790f" daemon [_thread_blocked, id=18168, stack(0x000000634db00000,0x000000634dc00000) (1024K)]
  0x0000020aff62b320 JavaThread "Active Thread: Equinox Container: 20c72b4d-a13e-4413-9b3e-db255183790f"        [_thread_blocked, id=18784, stack(0x000000634d500000,0x000000634d600000) (1024K)]
  0x0000020aff7e0f80 JavaThread "Framework Event Dispatcher: Equinox Container: 20c72b4d-a13e-4413-9b3e-db255183790f" daemon [_thread_blocked, id=13788, stack(0x000000634ce00000,0x000000634cf00000) (1024K)]
  0x0000020ac10835a0 JavaThread "Start Level: Equinox Container: 20c72b4d-a13e-4413-9b3e-db255183790f" daemon [_thread_blocked, id=24292, stack(0x000000634dc00000,0x000000634dd00000) (1024K)]
=>0x0000020aff7bead0 JavaThread "C2 CompilerThread1"         daemon [_thread_in_native, id=23256, stack(0x000000634dd00000,0x000000634de00000) (1024K)]
Total: 21

Other Threads:
  0x0000020af9012b90 VMThread "VM Thread"                           [id=14148, stack(0x000000634c300000,0x000000634c400000) (1024K)]
  0x0000020ae262bf40 WatcherThread "VM Periodic Task Thread"        [id=24448, stack(0x000000634c200000,0x000000634c300000) (1024K)]
  0x0000020ae25dd210 WorkerThread "GC Thread#0"                     [id=22368, stack(0x000000634c100000,0x000000634c200000) (1024K)]
  0x0000020aff3fd920 WorkerThread "GC Thread#1"                     [id=3316, stack(0x000000634cf00000,0x000000634d000000) (1024K)]
  0x0000020aff3fdcc0 WorkerThread "GC Thread#2"                     [id=6300, stack(0x000000634d000000,0x000000634d100000) (1024K)]
  0x0000020aff3f80d0 WorkerThread "GC Thread#3"                     [id=21460, stack(0x000000634d100000,0x000000634d200000) (1024K)]
  0x0000020aff052560 WorkerThread "GC Thread#4"                     [id=14144, stack(0x000000634d200000,0x000000634d300000) (1024K)]
  0x0000020aff052900 WorkerThread "GC Thread#5"                     [id=9028, stack(0x000000634d300000,0x000000634d400000) (1024K)]
  0x0000020aff539480 WorkerThread "GC Thread#6"                     [id=16592, stack(0x000000634d400000,0x000000634d500000) (1024K)]
  0x0000020aff538d40 WorkerThread "GC Thread#7"                     [id=13188, stack(0x000000634de00000,0x000000634df00000) (1024K)]
Total: 10

Threads with active compile tasks:
C2 CompilerThread1  3020 1814 %     4       org.eclipse.osgi.util.ManifestElement::readLine @ 0 (122 bytes)
Total: 1

VM state: not at safepoint (normal execution)

VM Mutex/Monitor currently owned by a thread: None

Heap address: 0x0000000080000000, size: 2048 MB, Compressed Oops mode: 32-bit

CDS archive(s) mapped at: [0x0000020a80000000-0x0000020a80ba0000-0x0000020a80ba0000), size 12189696, SharedBaseAddress: 0x0000020a80000000, ArchiveRelocationMode: 1.
Compressed class space mapped at: 0x0000020a81000000-0x0000020ac1000000, reserved size: 1073741824
Narrow klass base: 0x0000020a80000000, Narrow klass shift: 0, Narrow klass range: 0x100000000

GC Precious Log:
 CardTable entry size: 512
 CPUs: 8 total, 8 available
 Memory: 15647M
 Large Page Support: Disabled
 NUMA Support: Disabled
 Compressed Oops: Enabled (32-bit)
 Alignments: Space 512K, Generation 512K, Heap 2M
 Heap Min Capacity: 100M
 Heap Initial Capacity: 100M
 Heap Max Capacity: 2G
 Pre-touch: Disabled
 Parallel Workers: 8

Heap:
 PSYoungGen      total 29696K, used 12624K [0x00000000d5580000, 0x00000000d7680000, 0x0000000100000000)
  eden space 25600K, 33% used [0x00000000d5580000,0x00000000d5dd45b8,0x00000000d6e80000)
  from space 4096K, 99% used [0x00000000d7280000,0x00000000d767fbe8,0x00000000d7680000)
  to   space 4096K, 0% used [0x00000000d6e80000,0x00000000d6e80000,0x00000000d7280000)
 ParOldGen       total 68608K, used 140K [0x0000000080000000, 0x0000000084300000, 0x00000000d5580000)
  object space 68608K, 0% used [0x0000000080000000,0x0000000080023010,0x0000000084300000)
 Metaspace       used 8472K, committed 8768K, reserved 1114112K
  class space    used 888K, committed 1024K, reserved 1048576K

Card table byte_map: [0x0000020ae1f90000,0x0000020ae23a0000] _byte_map_base: 0x0000020ae1b90000

Marking Bits: (ParMarkBitMap*) 0x00007ffffb082460
 Begin Bits: [0x0000020af4a70000, 0x0000020af6a70000)
 End Bits:   [0x0000020af6a70000, 0x0000020af8a70000)

Polling page: 0x0000020ae1d80000

Metaspace:

Usage:
  Non-class:      7.41 MB used.
      Class:    888.88 KB used.
       Both:      8.27 MB used.

Virtual space:
  Non-class space:       64.00 MB reserved,       7.56 MB ( 12%) committed,  1 nodes.
      Class space:        1.00 GB reserved,       1.00 MB ( <1%) committed,  1 nodes.
             Both:        1.06 GB reserved,       8.56 MB ( <1%) committed. 

Chunk freelists:
   Non-Class:  8.02 MB
       Class:  14.88 MB
        Both:  22.90 MB

MaxMetaspaceSize: unlimited
CompressedClassSpaceSize: 1.00 GB
Initial GC threshold: 21.00 MB
Current GC threshold: 21.00 MB
CDS: on
 - commit_granule_bytes: 65536.
 - commit_granule_words: 8192.
 - virtual_space_node_default_size: 8388608.
 - enlarge_chunks_in_place: 1.
 - use_allocation_guard: 0.


Internal statistics:

num_allocs_failed_limit: 0.
num_arena_births: 224.
num_arena_deaths: 0.
num_vsnodes_births: 2.
num_vsnodes_deaths: 0.
num_space_committed: 137.
num_space_uncommitted: 0.
num_chunks_returned_to_freelist: 0.
num_chunks_taken_from_freelist: 425.
num_chunk_merges: 0.
num_chunk_splits: 278.
num_chunks_enlarged: 188.
num_inconsistent_stats: 0.

CodeHeap 'non-profiled nmethods': size=120000Kb used=795Kb max_used=795Kb free=119204Kb
 bounds [0x0000020aed290000, 0x0000020aed500000, 0x0000020af47c0000]
CodeHeap 'profiled nmethods': size=120000Kb used=3570Kb max_used=3570Kb free=116429Kb
 bounds [0x0000020ae57c0000, 0x0000020ae5b40000, 0x0000020aeccf0000]
CodeHeap 'non-nmethods': size=5760Kb used=1211Kb max_used=1238Kb free=4549Kb
 bounds [0x0000020aeccf0000, 0x0000020aecf60000, 0x0000020aed290000]
CodeCache: size=245760Kb, used=5576Kb, max_used=5603Kb, free=240182Kb
 total_blobs=2371, nmethods=1894, adapters=384, full_count=0
Compilation: enabled, stopped_count=0, restarted_count=0

Compilation events (20 events):
Event: 2.989 Thread 0x0000020afa8f8850 nmethod 1873 0x0000020ae5b26b90 code [0x0000020ae5b26d80, 0x0000020ae5b27488]
Event: 2.989 Thread 0x0000020afa8f8850 1874       3       sun.nio.fs.NativeBuffer::close (5 bytes)
Event: 2.989 Thread 0x0000020afa8f8850 nmethod 1874 0x0000020ae5b27690 code [0x0000020ae5b27840, 0x0000020ae5b279e8]
Event: 2.989 Thread 0x0000020afa8f8850 1875       3       sun.nio.fs.NativeBuffer::release (5 bytes)
Event: 2.989 Thread 0x0000020afa8f8850 nmethod 1875 0x0000020ae5b27a90 code [0x0000020ae5b27c40, 0x0000020ae5b27d78]
Event: 2.991 Thread 0x0000020afa8f8850 1876       3       java.lang.Long::hashCode (8 bytes)
Event: 2.991 Thread 0x0000020afa8f8850 nmethod 1876 0x0000020ae5b27e10 code [0x0000020ae5b27fc0, 0x0000020ae5b28100]
Event: 2.991 Thread 0x0000020afa8f8850 1877       3       org.eclipse.osgi.framework.eventmgr.CopyOnWriteIdentityMap$Snapshot$EntrySet::iterator (12 bytes)
Event: 2.992 Thread 0x0000020afa8f8850 nmethod 1877 0x0000020ae5b28190 code [0x0000020ae5b28340, 0x0000020ae5b28628]
Event: 2.992 Thread 0x0000020afa8f8850 1878       3       org.eclipse.osgi.framework.eventmgr.CopyOnWriteIdentityMap$Snapshot$EntryIterator::<init> (11 bytes)
Event: 2.992 Thread 0x0000020afa8f8850 nmethod 1878 0x0000020ae5b28790 code [0x0000020ae5b28940, 0x0000020ae5b28b68]
Event: 2.992 Thread 0x0000020afa8f8850 1879       3       java.lang.Thread::getContextClassLoader (30 bytes)
Event: 2.992 Thread 0x0000020afa8f8850 nmethod 1879 0x0000020ae5b28c90 code [0x0000020ae5b28e40, 0x0000020ae5b29098]
Event: 2.993 Thread 0x0000020afa8f8850 1880   !   3       org.eclipse.osgi.storage.bundlefile.CloseableBundleFile::lockOpen (113 bytes)
Event: 2.994 Thread 0x0000020af9039790 1882       4       java.util.HashMap::remove (26 bytes)
Event: 2.994 Thread 0x0000020afa8f8850 nmethod 1880 0x0000020ae5b29190 code [0x0000020ae5b29480, 0x0000020ae5b2a6f8]
Event: 2.994 Thread 0x0000020afa8f8850 1881       3       org.eclipse.osgi.storage.bundlefile.CloseableBundleFile::releaseOpen (8 bytes)
Event: 2.995 Thread 0x0000020afa8f8850 nmethod 1881 0x0000020ae5b2ae10 code [0x0000020ae5b2afe0, 0x0000020ae5b2b3a0]
Event: 2.995 Thread 0x0000020afa8f8850 1883       3       org.eclipse.osgi.internal.framework.FilterImpl$Parser::parse_substring (227 bytes)
Event: 2.996 Thread 0x0000020afa8f8850 nmethod 1883 0x0000020ae5b2b510 code [0x0000020ae5b2b8c0, 0x0000020ae5b2d270]

GC Heap History (4 events):
Event: 1.725 GC heap before
{Heap before GC invocations=1 (full 0):
 PSYoungGen      total 29696K, used 25600K [0x00000000d5580000, 0x00000000d7680000, 0x0000000100000000)
  eden space 25600K, 100% used [0x00000000d5580000,0x00000000d6e80000,0x00000000d6e80000)
  from space 4096K, 0% used [0x00000000d7280000,0x00000000d7280000,0x00000000d7680000)
  to   space 4096K, 0% used [0x00000000d6e80000,0x00000000d6e80000,0x00000000d7280000)
 ParOldGen       total 68608K, used 0K [0x0000000080000000, 0x0000000084300000, 0x00000000d5580000)
  object space 68608K, 0% used [0x0000000080000000,0x0000000080000000,0x0000000084300000)
 Metaspace       used 4498K, committed 4736K, reserved 1114112K
  class space    used 492K, committed 576K, reserved 1048576K
}
Event: 1.736 GC heap after
{Heap after GC invocations=1 (full 0):
 PSYoungGen      total 29696K, used 3271K [0x00000000d5580000, 0x00000000d7680000, 0x0000000100000000)
  eden space 25600K, 0% used [0x00000000d5580000,0x00000000d5580000,0x00000000d6e80000)
  from space 4096K, 79% used [0x00000000d6e80000,0x00000000d71b1e98,0x00000000d7280000)
  to   space 4096K, 0% used [0x00000000d7280000,0x00000000d7280000,0x00000000d7680000)
 ParOldGen       total 68608K, used 8K [0x0000000080000000, 0x0000000084300000, 0x00000000d5580000)
  object space 68608K, 0% used [0x0000000080000000,0x0000000080002000,0x0000000084300000)
 Metaspace       used 4498K, committed 4736K, reserved 1114112K
  class space    used 492K, committed 576K, reserved 1048576K
}
Event: 2.805 GC heap before
{Heap before GC invocations=2 (full 0):
 PSYoungGen      total 29696K, used 28871K [0x00000000d5580000, 0x00000000d7680000, 0x0000000100000000)
  eden space 25600K, 100% used [0x00000000d5580000,0x00000000d6e80000,0x00000000d6e80000)
  from space 4096K, 79% used [0x00000000d6e80000,0x00000000d71b1e98,0x00000000d7280000)
  to   space 4096K, 0% used [0x00000000d7280000,0x00000000d7280000,0x00000000d7680000)
 ParOldGen       total 68608K, used 8K [0x0000000080000000, 0x0000000084300000, 0x00000000d5580000)
  object space 68608K, 0% used [0x0000000080000000,0x0000000080002000,0x0000000084300000)
 Metaspace       used 8340K, committed 8640K, reserved 1114112K
  class space    used 888K, committed 1024K, reserved 1048576K
}
Event: 2.810 GC heap after
{Heap after GC invocations=2 (full 0):
 PSYoungGen      total 29696K, used 4094K [0x00000000d5580000, 0x00000000d7680000, 0x0000000100000000)
  eden space 25600K, 0% used [0x00000000d5580000,0x00000000d5580000,0x00000000d6e80000)
  from space 4096K, 99% used [0x00000000d7280000,0x00000000d767fbe8,0x00000000d7680000)
  to   space 4096K, 0% used [0x00000000d6e80000,0x00000000d6e80000,0x00000000d7280000)
 ParOldGen       total 68608K, used 140K [0x0000000080000000, 0x0000000084300000, 0x00000000d5580000)
  object space 68608K, 0% used [0x0000000080000000,0x0000000080023010,0x0000000084300000)
 Metaspace       used 8340K, committed 8640K, reserved 1114112K
  class space    used 888K, committed 1024K, reserved 1048576K
}

Dll operation events (8 events):
Event: 0.023 Loaded shared library c:\Users\ASUS\.vscode\extensions\redhat.java-1.49.0-win32-x64\jre\21.0.9-win32-x86_64\bin\java.dll
Event: 0.307 Loaded shared library c:\Users\ASUS\.vscode\extensions\redhat.java-1.49.0-win32-x64\jre\21.0.9-win32-x86_64\bin\zip.dll
Event: 0.360 Loaded shared library C:\Users\ASUS\.vscode\extensions\redhat.java-1.49.0-win32-x64\jre\21.0.9-win32-x86_64\bin\instrument.dll
Event: 0.373 Loaded shared library C:\Users\ASUS\.vscode\extensions\redhat.java-1.49.0-win32-x64\jre\21.0.9-win32-x86_64\bin\net.dll
Event: 0.376 Loaded shared library C:\Users\ASUS\.vscode\extensions\redhat.java-1.49.0-win32-x64\jre\21.0.9-win32-x86_64\bin\nio.dll
Event: 0.382 Loaded shared library C:\Users\ASUS\.vscode\extensions\redhat.java-1.49.0-win32-x64\jre\21.0.9-win32-x86_64\bin\zip.dll
Event: 0.416 Loaded shared library C:\Users\ASUS\.vscode\extensions\redhat.java-1.49.0-win32-x64\jre\21.0.9-win32-x86_64\bin\jimage.dll
Event: 0.629 Loaded shared library c:\Users\ASUS\.vscode\extensions\redhat.java-1.49.0-win32-x64\jre\21.0.9-win32-x86_64\bin\verify.dll

Deoptimization events (20 events):
Event: 2.552 Thread 0x0000020ae25bcd90 DEOPT PACKING pc=0x0000020aed2be978 sp=0x000000634c0fe340
Event: 2.552 Thread 0x0000020ae25bcd90 DEOPT UNPACKING pc=0x0000020aecd43aa2 sp=0x000000634c0fe2d0 mode 2
Event: 2.556 Thread 0x0000020ae25bcd90 Uncommon trap: trap_request=0xffffffde fr.pc=0x0000020aed2be978 relative=0x00000000000008b8
Event: 2.556 Thread 0x0000020ae25bcd90 Uncommon trap: reason=class_check action=maybe_recompile pc=0x0000020aed2be978 method=java.util.HashMap.putVal(ILjava/lang/Object;Ljava/lang/Object;ZZ)Ljava/lang/Object; @ 253 c2
Event: 2.556 Thread 0x0000020ae25bcd90 DEOPT PACKING pc=0x0000020aed2be978 sp=0x000000634c0fe340
Event: 2.556 Thread 0x0000020ae25bcd90 DEOPT UNPACKING pc=0x0000020aecd43aa2 sp=0x000000634c0fe2d0 mode 2
Event: 2.682 Thread 0x0000020ae25bcd90 DEOPT PACKING pc=0x0000020ae5975ac3 sp=0x000000634c0fe5b0
Event: 2.682 Thread 0x0000020ae25bcd90 DEOPT UNPACKING pc=0x0000020aecd44242 sp=0x000000634c0fda28 mode 0
Event: 2.785 Thread 0x0000020ae25bcd90 Uncommon trap: trap_request=0xffffff45 fr.pc=0x0000020aed314834 relative=0x0000000000000094
Event: 2.785 Thread 0x0000020ae25bcd90 Uncommon trap: reason=unstable_if action=reinterpret pc=0x0000020aed314834 method=java.io.BufferedInputStream.getBufIfOpen(Z)[B @ 13 c2
Event: 2.785 Thread 0x0000020ae25bcd90 DEOPT PACKING pc=0x0000020aed314834 sp=0x000000634c0fe670
Event: 2.785 Thread 0x0000020ae25bcd90 DEOPT UNPACKING pc=0x0000020aecd43aa2 sp=0x000000634c0fe5f0 mode 2
Event: 2.788 Thread 0x0000020ae25bcd90 Uncommon trap: trap_request=0xffffff45 fr.pc=0x0000020aed2c6b44 relative=0x00000000000002a4
Event: 2.788 Thread 0x0000020ae25bcd90 Uncommon trap: reason=unstable_if action=reinterpret pc=0x0000020aed2c6b44 method=java.util.HashMap$HashIterator.<init>(Ljava/util/HashMap;)V @ 45 c2
Event: 2.788 Thread 0x0000020ae25bcd90 DEOPT PACKING pc=0x0000020aed2c6b44 sp=0x000000634c0fe880
Event: 2.788 Thread 0x0000020ae25bcd90 DEOPT UNPACKING pc=0x0000020aecd43aa2 sp=0x000000634c0fe818 mode 2
Event: 2.971 Thread 0x0000020ae25bcd90 Uncommon trap: trap_request=0xffffff45 fr.pc=0x0000020aed352be8 relative=0x0000000000000868
Event: 2.972 Thread 0x0000020ae25bcd90 Uncommon trap: reason=unstable_if action=reinterpret pc=0x0000020aed352be8 method=java.util.HashMap.putVal(ILjava/lang/Object;Ljava/lang/Object;ZZ)Ljava/lang/Object; @ 81 c2
Event: 2.972 Thread 0x0000020ae25bcd90 DEOPT PACKING pc=0x0000020aed352be8 sp=0x000000634c0fe810
Event: 2.972 Thread 0x0000020ae25bcd90 DEOPT UNPACKING pc=0x0000020aecd43aa2 sp=0x000000634c0fe6a8 mode 2

Classes loaded (20 events):
Event: 2.574 Loading class java/net/ContentHandler
Event: 2.574 Loading class java/net/ContentHandler done
Event: 2.575 Loading class java/net/UrlDeserializedState
Event: 2.575 Loading class java/net/UrlDeserializedState done
Event: 2.576 Loading class java/lang/reflect/InaccessibleObjectException
Event: 2.576 Loading class java/lang/reflect/InaccessibleObjectException done
Event: 2.579 Loading class java/lang/StackWalker$Option
Event: 2.579 Loading class java/lang/StackWalker$Option done
Event: 2.604 Loading class javax/xml/parsers/ParserConfigurationException
Event: 2.604 Loading class javax/xml/parsers/ParserConfigurationException done
Event: 2.608 Loading class java/security/KeyStoreException
Event: 2.609 Loading class java/security/KeyStoreException done
Event: 2.615 Loading class java/lang/Thread$Builder$OfPlatform
Event: 2.615 Loading class java/lang/Thread$Builder
Event: 2.615 Loading class java/lang/Thread$Builder done
Event: 2.615 Loading class java/lang/Thread$Builder$OfPlatform done
Event: 2.615 Loading class java/lang/Thread$Builder$OfVirtual
Event: 2.615 Loading class java/lang/Thread$Builder$OfVirtual done
Event: 2.794 Loading class java/util/MissingResourceException
Event: 2.795 Loading class java/util/MissingResourceException done

Classes unloaded (0 events):
No events

Classes redefined (0 events):
No events

Internal exceptions (20 events):
Event: 1.627 Thread 0x0000020ae25bcd90 Exception <a 'java/lang/NoSuchMethodError'{0x00000000d6aa5640}: 'java.lang.ClassLoader java.lang.ClassLoader.getPlatformClassLoader(java.lang.Class)'> (0x00000000d6aa5640) 
thrown [s\src\hotspot\share\interpreter\linkResolver.cpp, line 773]
Event: 1.777 Thread 0x0000020ae25bcd90 Exception <a 'java/lang/ClassNotFoundException'{0x00000000d55bf668}: sun/net/www/protocol/c/Handler> (0x00000000d55bf668) 
thrown [s\src\hotspot\share\classfile\systemDictionary.cpp, line 312]
Event: 1.778 Thread 0x0000020ae25bcd90 Exception <a 'java/lang/ClassNotFoundException'{0x00000000d55c09e0}: sun/net/www/protocol/d/Handler> (0x00000000d55c09e0) 
thrown [s\src\hotspot\share\classfile\systemDictionary.cpp, line 312]
Event: 1.779 Thread 0x0000020ae25bcd90 Exception <a 'java/lang/ClassNotFoundException'{0x00000000d55c1b78}: sun/net/www/protocol/c/Handler> (0x00000000d55c1b78) 
thrown [s\src\hotspot\share\classfile\systemDictionary.cpp, line 312]
Event: 1.803 Thread 0x0000020ae25bcd90 Exception <a 'java/io/FileNotFoundException'{0x00000000d55ea218}> (0x00000000d55ea218) 
thrown [s\src\hotspot\share\prims\jni.cpp, line 520]
Event: 1.910 Thread 0x0000020ae25bcd90 Implicit null exception at 0x0000020aed2f45a9 to 0x0000020aed2f4e1c
Event: 1.911 Thread 0x0000020ae25bcd90 Implicit null exception at 0x0000020aed2fd59a to 0x0000020aed2fd7a0
Event: 1.911 Thread 0x0000020ae25bcd90 Exception <a 'java/lang/NoSuchMethodError'{0x00000000d571a388}: 'void java.lang.invoke.DirectMethodHandle$Holder.invokeStatic(java.lang.Object, java.lang.Object, java.lang.Object, java.lang.Object)'> (0x00000000d571a388) 
thrown [s\src\hotspot\share\interpreter\linkResolver.cpp, line 773]
Event: 1.914 Thread 0x0000020ae25bcd90 Implicit null exception at 0x0000020aed2f769a to 0x0000020aed2f78a4
Event: 1.916 Thread 0x0000020ae25bcd90 Implicit null exception at 0x0000020aed2f2bbd to 0x0000020aed2f2c41
Event: 2.140 Thread 0x0000020ae25bcd90 Exception <a 'java/lang/NoSuchMethodError'{0x00000000d5b57d80}: 'int java.lang.invoke.DirectMethodHandle$Holder.invokeVirtual(java.lang.Object, java.lang.Object)'> (0x00000000d5b57d80) 
thrown [s\src\hotspot\share\interpreter\linkResolver.cpp, line 773]
Event: 2.440 Thread 0x0000020ae25bcd90 Exception <a 'java/lang/IncompatibleClassChangeError'{0x00000000d6523ef0}: Found class java.lang.Object, but interface was expected> (0x00000000d6523ef0) 
thrown [s\src\hotspot\share\interpreter\linkResolver.cpp, line 840]
Event: 2.442 Thread 0x0000020ae25bcd90 Exception <a 'java/lang/NoSuchMethodError'{0x00000000d652c990}: 'void java.lang.invoke.DirectMethodHandle$Holder.invokeInterface(java.lang.Object, java.lang.Object, java.lang.Object)'> (0x00000000d652c990) 
thrown [s\src\hotspot\share\interpreter\linkResolver.cpp, line 773]
Event: 2.474 Thread 0x0000020ae25bcd90 Exception <a 'java/lang/NoSuchMethodError'{0x00000000d679e4a8}: 'int java.lang.invoke.DirectMethodHandle$Holder.invokeStaticInit(java.lang.Object, java.lang.Object, java.lang.Object, java.lang.Object)'> (0x00000000d679e4a8) 
thrown [s\src\hotspot\share\interpreter\linkResolver.cpp, line 773]
Event: 2.476 Thread 0x0000020ae25bcd90 Exception <a 'java/lang/NoSuchMethodError'{0x00000000d67a8a78}: 'void java.lang.invoke.DirectMethodHandle$Holder.invokeStaticInit(java.lang.Object, java.lang.Object)'> (0x00000000d67a8a78) 
thrown [s\src\hotspot\share\interpreter\linkResolver.cpp, line 773]
Event: 2.478 Thread 0x0000020ae25bcd90 Exception <a 'java/lang/NoSuchMethodError'{0x00000000d67ae378}: 'int java.lang.invoke.DirectMethodHandle$Holder.invokeStaticInit(java.lang.Object, java.lang.Object)'> (0x00000000d67ae378) 
thrown [s\src\hotspot\share\interpreter\linkResolver.cpp, line 773]
Event: 2.530 Thread 0x0000020ae25bcd90 Exception <a 'java/lang/NoSuchMethodError'{0x00000000d6995e00}: 'java.lang.Object java.lang.invoke.DirectMethodHandle$Holder.newInvokeSpecial(java.lang.Object, int, java.lang.Object)'> (0x00000000d6995e00) 
thrown [s\src\hotspot\share\interpreter\linkResolver.cpp, line 773]
Event: 2.582 Thread 0x0000020ae25bcd90 Exception <a 'java/lang/ClassNotFoundException'{0x00000000d6b10398}: sun/net/www/protocol/plurl/Handler> (0x00000000d6b10398) 
thrown [s\src\hotspot\share\classfile\systemDictionary.cpp, line 312]
Event: 2.582 Thread 0x0000020ae25bcd90 Exception <a 'java/lang/ClassNotFoundException'{0x00000000d6b11218}: sun/net/www/protocol/plurl/Handler> (0x00000000d6b11218) 
thrown [s\src\hotspot\share\classfile\systemDictionary.cpp, line 312]
Event: 2.589 Thread 0x0000020ae25bcd90 Exception <a 'java/lang/NoSuchMethodError'{0x00000000d6b51560}: 'void java.lang.invoke.DirectMethodHandle$Holder.invokeSpecial(java.lang.Object, java.lang.Object, java.lang.Object)'> (0x00000000d6b51560) 
thrown [s\src\hotspot\share\interpreter\linkResolver.cpp, line 773]

ZGC Phase Switch (0 events):
No events

VM Operations (20 events):
Event: 0.305 Executing VM operation: HandshakeAllThreads (Deoptimize)
Event: 0.305 Executing VM operation: HandshakeAllThreads (Deoptimize) done
Event: 0.438 Executing VM operation: HandshakeAllThreads (Deoptimize)
Event: 0.438 Executing VM operation: HandshakeAllThreads (Deoptimize) done
Event: 1.112 Executing VM operation: HandshakeAllThreads (Deoptimize)
Event: 1.112 Executing VM operation: HandshakeAllThreads (Deoptimize) done
Event: 1.112 Executing VM operation: Cleanup
Event: 1.113 Executing VM operation: Cleanup done
Event: 1.206 Executing VM operation: HandshakeAllThreads (Deoptimize)
Event: 1.206 Executing VM operation: HandshakeAllThreads (Deoptimize) done
Event: 1.694 Executing VM operation: HandshakeAllThreads (Deoptimize)
Event: 1.694 Executing VM operation: HandshakeAllThreads (Deoptimize) done
Event: 1.724 Executing VM operation: ParallelGCFailedAllocation (Allocation Failure)
Event: 1.736 Executing VM operation: ParallelGCFailedAllocation (Allocation Failure) done
Event: 2.501 Executing VM operation: HandshakeAllThreads (Deoptimize)
Event: 2.502 Executing VM operation: HandshakeAllThreads (Deoptimize) done
Event: 2.577 Executing VM operation: HandshakeAllThreads (Deoptimize)
Event: 2.577 Executing VM operation: HandshakeAllThreads (Deoptimize) done
Event: 2.804 Executing VM operation: ParallelGCFailedAllocation (Allocation Failure)
Event: 2.810 Executing VM operation: ParallelGCFailedAllocation (Allocation Failure) done

Memory protections (0 events):
No events

Nmethod flushes (0 events):
No events

Events (20 events):
Event: 0.853 Thread 0x0000020afa8f8850 Thread added: 0x0000020afaced9a0
Event: 1.083 Thread 0x0000020afa8f8850 Thread added: 0x0000020aff33d6e0
Event: 1.478 Thread 0x0000020afaced9a0 Thread exited: 0x0000020afaced9a0
Event: 1.478 Thread 0x0000020aff33d6e0 Thread exited: 0x0000020aff33d6e0
Event: 1.506 Thread 0x0000020af9039790 Thread added: 0x0000020afaced9a0
Event: 1.884 Thread 0x0000020afaced9a0 Thread exited: 0x0000020afaced9a0
Event: 2.177 Thread 0x0000020afa8f8850 Thread added: 0x0000020aff422800
Event: 2.178 Thread 0x0000020afa8f8850 Thread added: 0x0000020aff423080
Event: 2.424 Thread 0x0000020ae25bcd90 Thread added: 0x0000020aff66e9a0
Event: 2.426 Thread 0x0000020aff66e9a0 Thread added: 0x0000020aff66f000
Event: 2.430 Thread 0x0000020ae25bcd90 Thread added: 0x0000020aff6248c0
Event: 2.433 Thread 0x0000020ae25bcd90 Thread added: 0x0000020aff624f20
Event: 2.434 Thread 0x0000020ae25bcd90 Thread added: 0x0000020aff625580
Event: 2.438 Thread 0x0000020ae25bcd90 Thread added: 0x0000020aff625be0
Event: 2.470 Thread 0x0000020aff423080 Thread exited: 0x0000020aff423080
Event: 2.488 Thread 0x0000020ae25bcd90 Thread added: 0x0000020aff62b320
Event: 2.697 Thread 0x0000020aff422800 Thread exited: 0x0000020aff422800
Event: 2.792 Thread 0x0000020ae25bcd90 Thread added: 0x0000020aff7e0f80
Event: 2.796 Thread 0x0000020ae25bcd90 Thread added: 0x0000020ac10835a0
Event: 2.802 Thread 0x0000020af9039790 Thread added: 0x0000020aff7bead0


Dynamic libraries:
0x00007ff6ef6a0000 - 0x00007ff6ef6ae000 	c:\Users\ASUS\.vscode\extensions\redhat.java-1.49.0-win32-x64\jre\21.0.9-win32-x86_64\bin\java.exe
0x00007ff895af0000 - 0x00007ff895d08000 	C:\Windows\SYSTEM32\ntdll.dll
0x00007ff893c60000 - 0x00007ff893d24000 	C:\Windows\System32\KERNEL32.DLL
0x00007ff893020000 - 0x00007ff8933f3000 	C:\Windows\System32\KERNELBASE.dll
0x00007ff892bf0000 - 0x00007ff892d01000 	C:\Windows\System32\ucrtbase.dll
0x00007ff881050000 - 0x00007ff881068000 	c:\Users\ASUS\.vscode\extensions\redhat.java-1.49.0-win32-x64\jre\21.0.9-win32-x86_64\bin\jli.dll
0x00007ff881820000 - 0x00007ff88183e000 	c:\Users\ASUS\.vscode\extensions\redhat.java-1.49.0-win32-x64\jre\21.0.9-win32-x86_64\bin\VCRUNTIME140.dll
0x00007ff8947c0000 - 0x00007ff894972000 	C:\Windows\System32\USER32.dll
0x00007ff892d10000 - 0x00007ff892d36000 	C:\Windows\System32\win32u.dll
0x00007ff884fc0000 - 0x00007ff88525c000 	C:\Windows\WinSxS\amd64_microsoft.windows.common-controls_6595b64144ccf1df_6.0.22621.6060_none_2712eda17382d24b\COMCTL32.dll
0x00007ff893a20000 - 0x00007ff893a49000 	C:\Windows\System32\GDI32.dll
0x00007ff893bb0000 - 0x00007ff893c57000 	C:\Windows\System32\msvcrt.dll
0x00007ff893400000 - 0x00007ff893523000 	C:\Windows\System32\gdi32full.dll
0x00007ff893670000 - 0x00007ff89370a000 	C:\Windows\System32\msvcp_win.dll
0x00007ff8949f0000 - 0x00007ff894a21000 	C:\Windows\System32\IMM32.DLL
0x00007ff885530000 - 0x00007ff88553c000 	c:\Users\ASUS\.vscode\extensions\redhat.java-1.49.0-win32-x64\jre\21.0.9-win32-x86_64\bin\vcruntime140_1.dll
0x00007ff851750000 - 0x00007ff8517dd000 	c:\Users\ASUS\.vscode\extensions\redhat.java-1.49.0-win32-x64\jre\21.0.9-win32-x86_64\bin\msvcp140.dll
0x00007ffffa3c0000 - 0x00007ffffb160000 	c:\Users\ASUS\.vscode\extensions\redhat.java-1.49.0-win32-x64\jre\21.0.9-win32-x86_64\bin\server\jvm.dll
0x00007ff8952f0000 - 0x00007ff8953a1000 	C:\Windows\System32\ADVAPI32.dll
0x00007ff893a50000 - 0x00007ff893af8000 	C:\Windows\System32\sechost.dll
0x00007ff892f30000 - 0x00007ff892f58000 	C:\Windows\System32\bcrypt.dll
0x00007ff895140000 - 0x00007ff895258000 	C:\Windows\System32\RPCRT4.dll
0x00007ff895050000 - 0x00007ff8950c1000 	C:\Windows\System32\WS2_32.dll
0x00007ff8924f0000 - 0x00007ff89253d000 	C:\Windows\SYSTEM32\POWRPROF.dll
0x00007ff88d5d0000 - 0x00007ff88d604000 	C:\Windows\SYSTEM32\WINMM.dll
0x00007ff888050000 - 0x00007ff88805a000 	C:\Windows\SYSTEM32\VERSION.dll
0x00007ff8924d0000 - 0x00007ff8924e3000 	C:\Windows\SYSTEM32\UMPDC.dll
0x00007ff891bc0000 - 0x00007ff891bd8000 	C:\Windows\SYSTEM32\kernel.appcore.dll
0x00007ff8854f0000 - 0x00007ff8854fa000 	c:\Users\ASUS\.vscode\extensions\redhat.java-1.49.0-win32-x64\jre\21.0.9-win32-x86_64\bin\jimage.dll
0x00007ff8907d0000 - 0x00007ff890a03000 	C:\Windows\SYSTEM32\DBGHELP.DLL
0x00007ff8953c0000 - 0x00007ff895752000 	C:\Windows\System32\combase.dll
0x00007ff8938c0000 - 0x00007ff893998000 	C:\Windows\System32\OLEAUT32.dll
0x00007ff886220000 - 0x00007ff886252000 	C:\Windows\SYSTEM32\dbgcore.DLL
0x00007ff892d40000 - 0x00007ff892dbb000 	C:\Windows\System32\bcryptPrimitives.dll
0x00007ff872940000 - 0x00007ff87294f000 	c:\Users\ASUS\.vscode\extensions\redhat.java-1.49.0-win32-x64\jre\21.0.9-win32-x86_64\bin\instrument.dll
0x00007ff87e440000 - 0x00007ff87e460000 	c:\Users\ASUS\.vscode\extensions\redhat.java-1.49.0-win32-x64\jre\21.0.9-win32-x86_64\bin\java.dll
0x00007ff893db0000 - 0x00007ff89464e000 	C:\Windows\System32\SHELL32.dll
0x00007ff893530000 - 0x00007ff89366f000 	C:\Windows\System32\wintypes.dll
0x00007ff890a80000 - 0x00007ff891398000 	C:\Windows\SYSTEM32\windows.storage.dll
0x00007ff895760000 - 0x00007ff895864000 	C:\Windows\System32\SHCORE.dll
0x00007ff895870000 - 0x00007ff8958d9000 	C:\Windows\System32\shlwapi.dll
0x00007ff892b20000 - 0x00007ff892b45000 	C:\Windows\SYSTEM32\profapi.dll
0x00007ff87e4a0000 - 0x00007ff87e4b8000 	c:\Users\ASUS\.vscode\extensions\redhat.java-1.49.0-win32-x64\jre\21.0.9-win32-x86_64\bin\zip.dll
0x00007ff87e340000 - 0x00007ff87e350000 	C:\Users\ASUS\.vscode\extensions\redhat.java-1.49.0-win32-x64\jre\21.0.9-win32-x86_64\bin\net.dll
0x00007ff88eaa0000 - 0x00007ff88ebcc000 	C:\Windows\SYSTEM32\WINHTTP.dll
0x00007ff8920a0000 - 0x00007ff892109000 	C:\Windows\system32\mswsock.dll
0x00007ff87bc90000 - 0x00007ff87bca6000 	C:\Users\ASUS\.vscode\extensions\redhat.java-1.49.0-win32-x64\jre\21.0.9-win32-x86_64\bin\nio.dll
0x00007ff872930000 - 0x00007ff872940000 	c:\Users\ASUS\.vscode\extensions\redhat.java-1.49.0-win32-x64\jre\21.0.9-win32-x86_64\bin\verify.dll

JVMTI agents:
c:\Users\ASUS\.vscode\extensions\redhat.java-1.49.0-win32-x64\lombok\lombok-1.18.39-4050.jar path:c:\Users\ASUS\.vscode\extensions\redhat.java-1.49.0-win32-x64\jre\21.0.9-win32-x86_64\bin\instrument.dll, loaded, initialized, instrumentlib options:none

dbghelp: loaded successfully - version: 4.0.5 - missing functions: none
symbol engine: initialized successfully - sym options: 0x614 - pdb path: .;c:\Users\ASUS\.vscode\extensions\redhat.java-1.49.0-win32-x64\jre\21.0.9-win32-x86_64\bin;C:\Windows\SYSTEM32;C:\Windows\WinSxS\amd64_microsoft.windows.common-controls_6595b64144ccf1df_6.0.22621.6060_none_2712eda17382d24b;c:\Users\ASUS\.vscode\extensions\redhat.java-1.49.0-win32-x64\jre\21.0.9-win32-x86_64\bin\server

VM Arguments:
jvm_args: --add-modules=ALL-SYSTEM --add-opens=java.base/java.util=ALL-UNNAMED --add-opens=java.base/java.lang=ALL-UNNAMED --add-opens=java.base/sun.nio.fs=ALL-UNNAMED -Declipse.application=org.eclipse.jdt.ls.core.id1 -Dosgi.bundles.defaultStartLevel=4 -Declipse.product=org.eclipse.jdt.ls.core.product -Djava.import.generatesMetadataFilesAtProjectRoot=false -DDetectVMInstallationsJob.disabled=true -Dfile.encoding=utf8 -XX:+UseParallelGC -XX:GCTimeRatio=4 -XX:AdaptiveSizePolicyWeight=90 -Dsun.zip.disableMemoryMapping=true -Xmx2G -Xms100m -Xlog:disable -javaagent:c:\Users\ASUS\.vscode\extensions\redhat.java-1.49.0-win32-x64\lombok\lombok-1.18.39-4050.jar -XX:+HeapDumpOnOutOfMemoryError -XX:HeapDumpPath=c:\Users\ASUS\AppData\Roaming\Code\User\workspaceStorage\6295893cbf97c814c47530ac49e64bfc\redhat.java -Daether.dependencyCollector.impl=bf 
java_command: c:\Users\ASUS\.vscode\extensions\redhat.java-1.49.0-win32-x64\server\plugins\org.eclipse.equinox.launcher_1.7.100.v20251111-0406.jar -configuration c:\Users\ASUS\AppData\Roaming\Code\User\globalStorage\redhat.java\1.49.0\config_win -data c:\Users\ASUS\AppData\Roaming\Code\User\workspaceStorage\6295893cbf97c814c47530ac49e64bfc\redhat.java\jdt_ws --pipe=\\.\pipe\lsp-8dc577e7f89e1ff0662f830ac0054ae3-sock
java_class_path (initial): c:\Users\ASUS\.vscode\extensions\redhat.java-1.49.0-win32-x64\server\plugins\org.eclipse.equinox.launcher_1.7.100.v20251111-0406.jar
Launcher Type: SUN_STANDARD

[Global flags]
    uintx AdaptiveSizePolicyWeight                 = 90                                        {product} {command line}
     intx CICompilerCount                          = 4                                         {product} {ergonomic}
    uintx GCTimeRatio                              = 4                                         {product} {command line}
     bool HeapDumpOnOutOfMemoryError               = true                                   {manageable} {command line}
    ccstr HeapDumpPath                             = c:\Users\ASUS\AppData\Roaming\Code\User\workspaceStorage\6295893cbf97c814c47530ac49e64bfc\redhat.java         {manageable} {command line}
   size_t InitialHeapSize                          = 104857600                                 {product} {command line}
   size_t MaxHeapSize                              = 2147483648                                {product} {command line}
   size_t MaxNewSize                               = 715653120                                 {product} {ergonomic}
   size_t MinHeapDeltaBytes                        = 524288                                    {product} {ergonomic}
   size_t MinHeapSize                              = 104857600                                 {product} {command line}
   size_t NewSize                                  = 34603008                                  {product} {ergonomic}
    uintx NonNMethodCodeHeapSize                   = 5839372                                {pd product} {ergonomic}
    uintx NonProfiledCodeHeapSize                  = 122909434                              {pd product} {ergonomic}
   size_t OldSize                                  = 70254592                                  {product} {ergonomic}
    uintx ProfiledCodeHeapSize                     = 122909434                              {pd product} {ergonomic}
    uintx ReservedCodeCacheSize                    = 251658240                              {pd product} {ergonomic}
     bool SegmentedCodeCache                       = true                                      {product} {ergonomic}
   size_t SoftMaxHeapSize                          = 2147483648                             {manageable} {ergonomic}
     bool UseCompressedOops                        = true                           {product lp64_product} {ergonomic}
     bool UseLargePagesIndividualAllocation        = false                                  {pd product} {ergonomic}
     bool UseParallelGC                            = true                                      {product} {command line}

Logging:
Log output configuration:
 #0: stdout all=off uptime,level,tags foldmultilines=false
 #1: stderr all=off uptime,level,tags foldmultilines=false

Release file:
JAVA_VERSION="21.0.9" 
MODULES="java.base java.compiler java.datatransfer java.xml java.prefs java.desktop java.instrument java.logging java.management java.security.sasl java.naming java.rmi java.management.rmi java.net.http java.scripting java.security.jgss java.transaction.xa java.sql java.sql.rowset java.xml.crypto java.se java.smartcardio jdk.accessibility jdk.internal.jvmstat jdk.attach jdk.charsets jdk.internal.opt jdk.zipfs jdk.compiler jdk.crypto.ec jdk.crypto.cryptoki jdk.crypto.mscapi jdk.dynalink jdk.internal.ed jdk.editpad jdk.hotspot.agent jdk.httpserver jdk.internal.le jdk.internal.vm.ci jdk.internal.vm.compiler jdk.internal.vm.compiler.management jdk.jartool jdk.javadoc jdk.jcmd jdk.management jdk.management.agent jdk.jconsole jdk.jdeps jdk.jdwp.agent jdk.jdi jdk.jfr jdk.jshell jdk.jsobject jdk.jstatd jdk.localedata jdk.management.jfr jdk.naming.dns jdk.naming.rmi jdk.net jdk.nio.mapmode jdk.random jdk.sctp jdk.security.auth jdk.security.jgss jdk.unsupported jdk.unsupported.desktop jdk.xml.dom" 

Environment Variables:
PATH=C:\Program Files\Eclipse Adoptium\jre-8.0.452.9-hotspot\bin;C:\Program Files\Eclipse Adoptium\jdk-8.0.452.9-hotspot\bin;C:\oraclexe\app\oracle\product\10.2.0\server\bin;D:\VMWare\bin\;C:\Program Files\Common Files\Oracle\Java\javapath;C:\Program Files (x86)\Common Files\Oracle\Java\java8path;C:\Program Files (x86)\Common Files\Oracle\Java\javapath;C:\Windows\system32;C:\Windows;C:\Windows\System32\Wbem;C:\Windows\System32\WindowsPowerShell\v1.0\;C:\Windows\System32\OpenSSH\;C:\Program Files\dotnet\;C:\Program Files (x86)\MAVProxy;C:\Program Files\CMake\bin;C:\Program Files\Git\cmd;D:\MATHLAABB\runtime\win64;D:\MATHLAABB\bin;C:\Program Files\PuTTY\;C:\Program Files\nodejs\;C:\Users\ASUS\AppData\Local\Programs\Python\Python312\Scripts\;C:\Users\ASUS\AppData\Local\Programs\Python\Python312\;C:\Users\ASUS\AppData\Local\Microsoft\WindowsApps;C:\Users\ASUS\AppData\Local\Programs\Microsoft VS Code\bin;C:\msys64\ucrt64\bin;C:\Users\ASUS\.dotnet\tools;C:\LUA2\bin;C:\Users\ASUS\AppData\Local\GitHubDesktop\bin;C:\apache-maven-3.9.10\bin;C:\xampp\php;C:\Users\ASUS\AppData\Local\ComposerSetup\bin;C:\Users\ASUS\AppData\Roaming\Composer\vendor\bin;C:\Users\ASUS\AppData\Roaming\npm
USERNAME=ASUS
OS=Windows_NT
PROCESSOR_IDENTIFIER=AMD64 Family 23 Model 160 Stepping 0, AuthenticAMD
TMP=C:\Users\ASUS\AppData\Local\Temp
TEMP=C:\Users\ASUS\AppData\Local\Temp




Periodic native trim disabled

---------------  S Y S T E M  ---------------

OS:
 Windows 11 , 64 bit Build 22621 (10.0.22621.5415)
OS uptime: 0 days 9:13 hours
Hyper-V role detected

CPU: total 8 (initial active 8) (8 cores per cpu, 2 threads per core) family 23 model 160 stepping 0 microcode 0x0, cx8, cmov, fxsr, ht, mmx, 3dnowpref, sse, sse2, sse3, ssse3, sse4a, sse4.1, sse4.2, popcnt, lzcnt, tsc, tscinvbit, avx, avx2, aes, clmul, bmi1, bmi2, adx, sha, fma, vzeroupper, clflush, clflushopt, hv, rdtscp, rdpid, f16c
Processor Information for the first 8 processors :
  Max Mhz: 2801, Current Mhz: 2801, Mhz Limit: 2801

Memory: 4k page, system-wide physical 15647M (5028M free)
TotalPageFile size 15647M (AvailPageFile size 4M)
current process WorkingSet (physical memory assigned to process): 97M, peak: 98M
current process commit charge ("private bytes"): 246M, peak: 246M

vm_info: OpenJDK 64-Bit Server VM (21.0.9+10-LTS) for windows-amd64 JRE (21.0.9+10-LTS), built on 2025-10-21T00:00:00Z by "admin" with unknown MS VC++:1942

END.
